Starting Dynare (version 4.5.7).
Starting preprocessing of the model file ...
Found 38 equation(s).
Evaluating expressions...done
Computing static model derivatives:
 - order 1
Computing dynamic model derivatives:
 - order 1
 - order 2
Processing outputs ...
done
Preprocessing completed.




Residuals of the static equations:

Equation number 1 : 0
Equation number 2 : 0
Equation number 3 : 0
Equation number 4 : 0
Equation number 5 : 0
Equation number 6 : 0
Equation number 7 : 0
Equation number 8 : 0
Equation number 9 : 0
Equation number 10 : 0
Equation number 11 : 0
Equation number 12 : 0
Equation number 13 : 0
Equation number 14 : 0
Equation number 15 : 0
Equation number 16 : 0
Equation number 17 : 0
Equation number 18 : 0
Equation number 19 : 0
Equation number 20 : 0
Equation number 21 : 0
Equation number 22 : 0
Equation number 23 : 0
Equation number 24 : 0
Equation number 25 : 0
Equation number 26 : 0
Equation number 27 : 0
Equation number 28 : 0
Equation number 29 : 0
Equation number 30 : 0
Equation number 31 : 0
Equation number 32 : 0
Equation number 33 : 0
Equation number 34 : 0
Equation number 35 : 0
Equation number 36 : 0
Equation number 37 : 0
Equation number 38 : 0



STEADY-STATE RESULTS:

c        		 0
rnom     		 0
pic      		 0
lab      		 0
wr       		 0
y        		 0
mcr      		 0
a        		 0
g        		 0
z        		 0
inv      		 0
k        		 0
n        		 0
ce       		 0
rk       		 0
qr       		 0
sp       		 0
mrs      		 0
piw      		 0
yh       		 0
dh       		 0
chstar   		 0
m        		 0
x        		 0
prh      		 0
pri      		 0
prx      		 0
rer      		 0
dep      		 0
bf       		 0
prf      		 0
pif      		 0
pih      		 0
rnomstar 		 0
pistar   		 0
prcostar 		 0
yco      		 0
ystar    		 0

EIGENVALUES:
         Modulus             Real        Imaginary

               0                0                0
               0               -0                0
       1.135e-17        1.135e-17                0
       5.243e-17        5.243e-17                0
       1.144e-16        1.144e-16                0
       1.983e-16        1.983e-16                0
       9.249e-09       -7.957e-17        9.249e-09
       9.249e-09       -7.957e-17       -9.249e-09
          0.4505           0.4505                0
            0.55             0.55                0
          0.8151           0.8005           0.1538
          0.8151           0.8005          -0.1538
            0.85             0.85                0
          0.8814           0.8814                0
          0.9284           0.9265          0.05908
          0.9284           0.9265         -0.05908
            0.95             0.95                0
            0.95             0.95                0
            0.95             0.95                0
            0.97             0.97                0
            0.97             0.97                0
          0.9831            0.983         0.004475
          0.9831            0.983        -0.004475
           1.019            1.019                0
           1.101            1.099          0.06707
           1.101            1.099         -0.06707
            1.13            1.117           0.1688
            1.13            1.117          -0.1688
           1.153            1.153                0
           1.387            1.387                0
       1.273e+18        1.273e+18                0


There are 8 eigenvalue(s) larger than 1 in modulus 
for 8 forward-looking variable(s)

The rank condition is verified.


MODEL SUMMARY

  Number of variables:         38
  Number of stochastic shocks: 8
  Number of state variables:   23
  Number of jumpers:           8
  Number of static variables:  12


MATRIX OF COVARIANCE OF EXOGENOUS SHOCKS
Variables            e_a         e_g         e_z  e_rnomstar    e_pistar  e_prcostar       e_yco     e_ystar
e_a             1.000000    0.000000    0.000000    0.000000    0.000000    0.000000    0.000000    0.000000
e_g             0.000000    1.000000    0.000000    0.000000    0.000000    0.000000    0.000000    0.000000
e_z             0.000000    0.000000    1.000000    0.000000    0.000000    0.000000    0.000000    0.000000
e_rnomstar      0.000000    0.000000    0.000000    1.000000    0.000000    0.000000    0.000000    0.000000
e_pistar        0.000000    0.000000    0.000000    0.000000    1.000000    0.000000    0.000000    0.000000
e_prcostar      0.000000    0.000000    0.000000    0.000000    0.000000    1.000000    0.000000    0.000000
e_yco           0.000000    0.000000    0.000000    0.000000    0.000000    0.000000    1.000000    0.000000
e_ystar         0.000000    0.000000    0.000000    0.000000    0.000000    0.000000    0.000000    1.000000

POLICY AND TRANSITION FUNCTIONS
                                   c            rnom             pic             lab              wr               y             mcr               a               g               z             inv               k               n              ce              rk              qr              sp             mrs             piw              yh              dh          chstar               m               x             prh             pri             prx             rer             dep              bf             prf             pif             pih        rnomstar          pistar        prcostar             yco           ystar
wr(-1)                     -0.543795        0.136032        0.109722       -0.393260        0.781485       -0.228406        0.647776               0               0               0        0.055595        0.001668        0.483948        0.483948        0.032895        0.017388       -0.026342       -0.937055       -0.108794       -0.259552       -0.330870       -0.234784       -0.192653       -0.156511        0.051411       -0.026485       -0.105135       -0.418157       -0.308435       -0.243768       -0.104380        0.005341        0.161133               0               0               0               0               0
a(-1)                       1.104477       -0.221614       -0.184502       -0.679916        0.202510        0.441105       -0.978661        0.950000               0               0       -0.162482       -0.004874       -1.393680       -1.393680       -0.221724       -0.210566        0.066763        0.424561        0.018008        0.501256        0.607660        0.521322        0.346114        0.347521       -0.092412        0.047606        0.255188        0.950231        0.765729        0.490941        0.187625        0.003123       -0.276914               0               0               0               0               0
g(-1)                      -0.162353        0.010922        0.002320        0.102508       -0.004188        0.059537        0.030665               0        0.950000               0        0.029232        0.000877        0.199224        0.199224        0.054278        0.052356       -0.008272       -0.059845       -0.001868        0.067655       -0.083095       -0.046884       -0.059307       -0.031254        0.003101       -0.001597       -0.028160       -0.090668       -0.088348       -0.061839       -0.006295       -0.003975        0.005420               0               0               0               0               0
k(-1)                       1.073076       -0.067786       -0.061097       -0.186505        0.100668        0.190878       -0.302744               0               0               0       -0.431885        0.957043       -2.573140       -2.573140       -1.272724       -1.280881        0.127453        0.886571        0.039570        0.216907        0.355623        0.024732        0.188803        0.016487       -0.021773        0.011217       -0.005282        0.027692       -0.033406        0.130250        0.044206       -0.016891       -0.082871               0               0               0               0               0
n(-1)                      -0.487833       -0.005241       -0.003523        0.000596       -0.019932        0.000346       -0.019730               0               0               0        0.197973        0.005939        1.986982        1.986982        0.613041        0.640639       -0.075952       -0.487237       -0.023456        0.000394       -0.056449        0.123790       -0.024021        0.082521       -0.008480        0.004369        0.074059        0.239100        0.235577        0.050746        0.017218        0.013695       -0.012004               0               0               0               0               0
qr(-1)                      0.975666        0.010483        0.007046       -0.001193        0.039865       -0.000693        0.039459               0               0               0       -0.395945       -0.011878       -3.973964       -3.973964       -2.226082       -1.281278        0.151904        0.974473        0.046911       -0.000787        0.112898       -0.247580        0.048043       -0.165041        0.016961       -0.008737       -0.148118       -0.478200       -0.471153       -0.101493       -0.034436       -0.027389        0.024007               0               0               0               0               0
sp(-1)                      0.487833        0.005241        0.003523       -0.000596        0.019932       -0.000346        0.019730               0               0               0       -0.197973       -0.005939       -1.986982       -1.986982       -0.613041       -0.640639        0.075952        0.487237        0.023456       -0.000394        0.056449       -0.123790        0.024021       -0.082521        0.008480       -0.004369       -0.074059       -0.239100       -0.235577       -0.050746       -0.017218       -0.013695        0.012004               0               0               0               0               0
prh(-1)                    -0.675360        0.804330        0.577528       -0.853466       -0.581542       -0.495693       -0.871720               0               0               0       -0.022059       -0.000662       -0.881434       -0.881434       -0.812505       -0.785338        0.005408       -1.528826       -0.004014       -0.563287       -0.718128       -0.509396       -0.216505       -0.339571        0.275215       -0.141777       -0.064433       -0.743576       -0.166048       -0.399249       -0.558770        0.018758       -0.147257               0               0               0               0               0
rer(-1)                    -0.487833       -0.005241       -0.003523        0.000596       -0.019932        0.000346       -0.019730               0               0               0        0.197973        0.005939        1.986982        1.986982        0.613041        0.640639       -0.075952       -0.487237       -0.023456        0.000394       -0.056449        0.123790       -0.024021        0.082521       -0.008480        0.004369        0.074059        0.239100       -0.764423        0.050746        0.017218        0.013695       -0.012004               0               0               0               0               0
bf(-1)                     -0.010851       -0.000785       -0.000069       -0.009387       -0.001579       -0.005452       -0.004770               0               0               0       -0.013146       -0.000394       -0.088113       -0.088113       -0.024691       -0.025290        0.003537       -0.020238       -0.001648       -0.006195       -0.019671        0.019913       -0.020054        0.013274       -0.001095        0.000564        0.012182        0.038731        0.038662        1.004114        0.002224        0.002155       -0.001164               0               0               0               0               0
prf(-1)                    -0.571651        0.503382        0.350693       -0.312097       -0.351719       -0.181266       -0.457832               0               0               0       -0.033039       -0.000991       -0.441654       -0.441654       -0.513556       -0.506998       -0.003759       -0.883748       -0.001026       -0.205984       -0.282207       -0.143794       -0.651104       -0.095856       -0.297869        0.153448       -0.393746       -0.585458       -0.234765       -0.489704        0.604764       -0.044543        0.052824               0               0               0               0               0
rnomstar(-1)                1.063574        0.129306        0.187143       -2.085516       -0.299056       -1.211268       -1.008132               0               0               0       -5.481875       -0.164456      -38.337222      -38.337222      -13.531817      -14.018309        1.368676       -1.021942       -0.111913       -1.376441       -4.740140        5.225615       -5.114683        3.483480       -0.177642        0.091513        3.306628       10.273588       10.460731        0.597004        0.360668        0.547811        0.009501        0.970000               0               0               0               0
pistar(-1)                 -0.505937       -0.025537       -0.013629       -0.070155       -0.011632       -0.040746       -0.035485               0               0               0        0.263675        0.007910        2.538028        2.538028        0.806631        0.845404       -0.095462       -0.576092       -0.025262       -0.046302        0.006845       -0.184649        0.043861       -0.123090       -0.005467        0.002816       -0.128585       -0.374766       -0.938395       -0.623911        0.011099       -0.002530       -0.019096               0        0.550000               0               0               0
prcostar(-1)                0.023347        0.003126        0.000848        0.025533        0.003694        0.014829        0.012375               0               0               0        0.037439        0.001123        0.241466        0.241466        0.075807        0.077840       -0.009208        0.048880        0.004542        0.016852        0.049909       -0.046370        0.051741       -0.030911        0.002888       -0.001488        0.295352       -0.089852       -0.089004       -0.109372       -0.005863       -0.005015        0.003736               0               0        0.970000               0               0
yco(-1)                    -0.034859        0.002941       -0.006264       -0.026339        0.006508        0.098702       -0.002447               0               0               0        0.022306        0.000669        0.154187        0.154187        0.017765        0.019406       -0.007599       -0.061197        0.000244       -0.017384       -0.001820       -0.059809        0.003695        0.276845        0.000960       -0.000494       -0.038919       -0.118657       -0.124922       -0.144098       -0.001949       -0.008213       -0.005305               0               0               0        0.950000               0
ystar(-1)                  -0.168060        0.031296        0.008584        0.253714       -0.004470        0.147357        0.081792               0               0               0        0.058913        0.001767        0.410885        0.410885        0.101862        0.095429       -0.017775        0.085653        0.004114        0.167451       -0.059164        0.742358       -0.027430        0.494868        0.008123       -0.004184       -0.063650       -0.207162       -0.198577       -0.484167       -0.016492       -0.007907        0.016707               0               0               0               0        0.850000
pic(-1)                    -0.543795        0.136032        0.109722       -0.393260        0.781485       -0.228406        0.647776               0               0               0        0.055595        0.001668        0.483948        0.483948        0.032895        0.017388       -0.026342       -0.937055        0.891206       -0.259552       -0.330870       -0.234784       -0.192653       -0.156511        0.051411       -0.026485       -0.105135       -0.418157       -0.308435       -0.243768       -0.104380        0.005341        0.161133               0               0               0               0               0
inv(-1)                     0.020334        0.013023        0.003080        0.115746        0.001384        0.067225        0.040737               0               0               0        0.853644        0.025609       -0.461281       -0.461281       -0.239375       -0.254934        0.013143        0.136079        0.004463        0.076392        0.133614       -0.009426        0.260507       -0.006284        0.001382       -0.000712       -0.004903       -0.017470       -0.014390        0.157312       -0.002806        0.000274        0.004462               0               0               0               0               0
pif(-1)                    -1.013616        0.398615        0.301102       -0.730545       -0.324085       -0.424301       -0.572471               0               0               0       -0.105379       -0.003161       -0.138624       -0.138624       -0.650074       -0.632418       -0.028159       -1.744162       -0.022984       -0.482160       -0.600679       -0.466417       -0.831136       -0.310921       -0.228691        0.117811       -0.539683       -1.161525       -0.860423       -0.771941        0.464312        0.765414        0.072411               0               0               0               0               0
pih(-1)                    -0.336495        0.356518        0.258230       -0.424605       -0.262100       -0.246610       -0.406465               0               0               0       -0.020675       -0.000620       -0.477515       -0.477515       -0.434916       -0.423927        0.003001       -0.761100       -0.003870       -0.280239       -0.355645       -0.256958       -0.129251       -0.171292        0.121599       -0.062642       -0.049732       -0.392317       -0.134087       -0.214313       -0.246882        0.011348        0.379828               0               0               0               0               0
e_a                         0.813825       -0.163295       -0.135949       -0.500991        0.149218        0.325025       -0.721119        0.700000               0               0       -0.119724       -0.003592       -1.026922       -1.026922       -0.163376       -0.155154        0.049194        0.312835        0.013269        0.369346        0.447749        0.384132        0.255032        0.256068       -0.068093        0.035078        0.188033        0.700170        0.564222        0.361746        0.138250        0.002301       -0.204042               0               0               0               0               0
e_g                        -0.256347        0.017245        0.003663        0.161855       -0.006612        0.094005        0.048419               0        1.500000               0        0.046156        0.001385        0.314565        0.314565        0.085703        0.082668       -0.013062       -0.094492       -0.002949        0.106824       -0.131202       -0.074027       -0.093643       -0.049348        0.004896       -0.002522       -0.044464       -0.143159       -0.139497       -0.097641       -0.009939       -0.006277        0.008558               0               0               0               0               0
e_z                        -0.223550        0.227788       -0.004847       -0.205810        0.002633       -0.119534       -0.067342               0               0        0.250000       -0.007065       -0.000212       -0.206791       -0.206791       -0.217792       -0.218430       -0.000672       -0.429360       -0.002214       -0.135834       -0.177188       -0.114137       -0.148378       -0.076086       -0.000520        0.000268       -0.076623       -0.228794       -0.233641       -0.153237        0.001055       -0.003792       -0.005367               0               0               0               0               0
e_rnomstar                  0.151181        0.032177        0.047342       -0.534934       -0.081807       -0.310689       -0.263684               0               0               0       -1.358446       -0.040753       -9.345932       -9.345932       -3.323224       -3.441341        0.332265       -0.383753       -0.034465       -0.353056       -1.231170        1.373586       -1.319245        0.915654       -0.047688        0.024566        0.868174        2.699483        2.746826       -0.091588        0.096821        0.144163       -0.000345        0.250000               0               0               0               0
e_pistar                   -0.114986       -0.005804       -0.003098       -0.015944       -0.002644       -0.009260       -0.008065               0               0               0        0.059926        0.001798        0.576825        0.576825        0.183325        0.192137       -0.021696       -0.130930       -0.005741       -0.010523        0.001556       -0.041966        0.009968       -0.027975       -0.001242        0.000640       -0.029224       -0.085174       -0.213272       -0.141798        0.002523       -0.000575       -0.004340               0        0.125000               0               0               0
e_prcostar                  0.312894        0.041889        0.011364        0.342192        0.049504        0.198745        0.165849               0               0               0        0.501764        0.015053        3.236139        3.236139        1.015971        1.043216       -0.123406        0.655086        0.060867        0.225847        0.668890       -0.621449        0.693431       -0.414268        0.038702       -0.019937        3.958329       -1.204196       -1.192833       -1.465810       -0.078576       -0.067213        0.050065               0               0       13.000000               0               0
e_yco                      -0.146773        0.012384       -0.026376       -0.110900        0.027402        0.415589       -0.010304               0               0               0        0.093920        0.002818        0.649208        0.649208        0.074799        0.081707       -0.031997       -0.257673        0.001026       -0.073194       -0.007665       -0.251826        0.015559        1.165664        0.004041       -0.002082       -0.163868       -0.499611       -0.525987       -0.606728       -0.008205       -0.034581       -0.022335               0               0               0        4.000000               0
e_ystar                    -0.197718        0.036819        0.010099        0.298487       -0.005259        0.173361        0.096226               0               0               0        0.069309        0.002079        0.483394        0.483394        0.119837        0.112270       -0.020911        0.100768        0.004840        0.197001       -0.069605        0.873362       -0.032270        0.582197        0.009556       -0.004923       -0.074882       -0.243720       -0.233620       -0.569609       -0.019402       -0.009303        0.019656               0               0               0               0        1.000000


THEORETICAL MOMENTS
VARIABLE           MEAN    STD. DEV.     VARIANCE
c                0.0000      12.2703     150.5594
rnom             0.0000       2.1009       4.4139
pic              0.0000       1.9634       3.8551
lab              0.0000       4.8771      23.7863
wr               0.0000      10.3772     107.6867
y                0.0000       7.0897      50.2633
mcr              0.0000       8.8985      79.1830
a                0.0000       2.2418       5.0256
g                0.0000       4.8038      23.0769
z                0.0000       0.2500       0.0625
inv              0.0000      33.2718    1107.0100
k                0.0000      19.5009     380.2859
n                0.0000      42.0141    1765.1858
ce               0.0000      42.0141    1765.1858
rk               0.0000       3.7326      13.9325
qr               0.0000       9.7958      95.9579
sp               0.0000       1.2124       1.4700
mrs              0.0000      11.9190     142.0629
piw              0.0000       2.0837       4.3417
yh               0.0000       7.7749      60.4495
dh               0.0000      13.8988     193.1778
chstar           0.0000      13.1867     173.8901
m                0.0000      23.6145     557.6432
x                0.0000       9.5170      90.5735
prh              0.0000       8.4449      71.3163
pri              0.0000       4.3504      18.9260
prx              0.0000      17.5825     309.1432
rer              0.0000      17.9481     322.1355
dep              0.0000       3.4960      12.2218
bf               0.0000     421.3569  177541.6751
prf              0.0000      17.1457     293.9749
pif              0.0000       1.7615       3.1027
pih              0.0000       2.1769       4.7387
rnomstar         0.0000       1.0284       1.0575
pistar           0.0000       0.1497       0.0224
prcostar         0.0000      53.4749    2859.5601
yco              0.0000      12.8103     164.1026
ystar            0.0000       1.8983       3.6036



VARIANCE DECOMPOSITION (in percent)
                   e_a         e_g         e_z  e_rnomstar    e_pistar  e_prcostar       e_yco     e_ystar
c                 4.78        0.48        0.03       65.30        0.30       27.99        1.01        0.11
rnom              7.40        0.09        1.18       73.77        0.05       14.13        3.11        0.27
pic               5.67        0.14        0.00       74.44        0.07       15.23        4.20        0.24
lab               7.11        1.78        0.18       73.93        0.16       14.57        0.39        1.88
wr                0.74        0.05        0.00       68.58        0.15       29.29        1.14        0.06
y                 2.35        0.56        0.03       70.27        0.16       18.20        7.78        0.66
mcr               3.75        0.14        0.01       87.46        0.28        7.97        0.27        0.13
a               100.00        0.00        0.00        0.00        0.00        0.00        0.00        0.00
g                 0.00      100.00        0.00        0.00        0.00        0.00        0.00        0.00
z                 0.00        0.00      100.00        0.00        0.00        0.00        0.00        0.00
inv               0.96        0.13        0.00       79.66        0.12       17.88        0.94        0.31
k                 1.16        0.14        0.00       70.17        0.11       26.71        1.34        0.36
n                 1.82        0.20        0.00       79.93        0.31       16.32        0.98        0.45
ce                1.82        0.20        0.00       79.93        0.31       16.32        0.98        0.45
rk                0.28        0.06        0.72       90.28        0.28        8.18        0.07        0.12
qr                0.15        0.08        0.05       91.08        0.25        8.03        0.22        0.14
sp                3.19        0.24        0.00       79.49        0.43       14.98        1.10        0.57
mrs               1.41        0.06        0.13       64.88        0.18       32.10        1.15        0.11
piw               4.64        0.13        0.00       77.00        0.07       14.40        3.51        0.23
yh                2.52        0.61        0.03       75.45        0.17       19.54        0.98        0.71
dh                0.99        0.05        0.02       68.03        0.06       29.29        1.32        0.24
chstar            1.53        0.13        0.01       87.64        0.29        8.45        0.45        1.51
m                 0.29        0.04        0.00       73.38        0.08       24.96        1.11        0.14
x                 1.30        0.11        0.01       74.77        0.24        7.21       15.07        1.29
prh               1.76        0.13        0.00       89.30        0.30        8.10        0.32        0.09
pri               1.76        0.13        0.00       89.30        0.30        8.10        0.32        0.09
prx               0.03        0.00        0.00        0.63        0.00       99.31        0.03        0.00
rer               1.50        0.13        0.02       88.43        0.28        8.95        0.58        0.12
dep               5.33        0.19        0.87       73.97        0.39       15.48        3.22        0.54
bf                0.08        0.04        0.00       92.61        0.09        6.61        0.50        0.08
prf               1.76        0.13        0.00       89.30        0.30        8.10        0.32        0.09
pif               6.64        0.14        0.00       66.88        0.09       20.29        5.70        0.26
pih               6.45        0.15        0.00       75.98        0.07       13.72        3.36        0.26
rnomstar          0.00        0.00        0.00      100.00        0.00        0.00        0.00        0.00
pistar            0.00        0.00        0.00        0.00      100.00        0.00        0.00        0.00
prcostar          0.00        0.00        0.00        0.00        0.00      100.00        0.00        0.00
yco               0.00        0.00        0.00        0.00        0.00        0.00      100.00        0.00
ystar             0.00        0.00        0.00        0.00        0.00        0.00        0.00      100.00



MATRIX OF CORRELATIONS
Variables           c      rnom       pic       lab        wr         y       mcr         a         g         z       inv         k         n        ce        rk        qr        sp       mrs       piw        yh        dh    chstar         m         x       prh       pri       prx       rer       dep        bf       prf       pif       pih  rnomstar    pistar  prcostar       yco     ystar
c              1.0000   -0.3256   -0.3202   -0.2697    0.9694    0.2974    0.7215    0.2166   -0.0660   -0.0182    0.4158    0.4173    0.1991    0.1991    0.0280   -0.3042   -0.1499    0.9191   -0.2924    0.2990    0.6160   -0.7487    0.7805   -0.6730    0.7662   -0.7662    0.4007   -0.7333   -0.1253   -0.8378   -0.7662   -0.2829   -0.3184    0.1901   -0.0176    0.3994    0.0411   -0.0297
rnom          -0.3256    1.0000    0.9897   -0.3038   -0.4156   -0.9489    0.1822   -0.2608   -0.0035    0.1084   -0.6337   -0.8887   -0.8002   -0.8002    0.2528   -0.3266    0.6118   -0.4595    0.9825   -0.9537   -0.8392   -0.1447   -0.4836   -0.1927    0.1607   -0.1607   -0.2329   -0.1422    0.3791   -0.1712   -0.1607    0.8904    0.9774    0.7073   -0.0043   -0.2327   -0.1315    0.0243
pic           -0.3202    0.9897    1.0000   -0.3502   -0.4240   -0.9764    0.1634   -0.2250   -0.0231   -0.0025   -0.6751   -0.9022   -0.8343   -0.8343    0.2544   -0.3493    0.6560   -0.4730    0.9866   -0.9726   -0.8631   -0.1273   -0.5127   -0.1957    0.1459   -0.1459   -0.2737   -0.1183    0.3996   -0.1697   -0.1459    0.9050    0.9855    0.7231   -0.0032   -0.2763   -0.1741   -0.0004
lab           -0.2697   -0.3038   -0.3502    1.0000   -0.0873    0.4555    0.0382   -0.2648    0.1323   -0.0422    0.6989    0.1830    0.6947    0.6947   -0.1433    0.8129   -0.8252    0.1315   -0.2761    0.4671    0.4348   -0.0073    0.3643    0.0032   -0.0365    0.0365    0.2132   -0.0561   -0.1117    0.3008    0.0365   -0.3926   -0.3150   -0.7367    0.0003    0.2406    0.0221    0.1338
wr             0.9694   -0.4156   -0.4240   -0.0873    1.0000    0.4240    0.7475    0.0791   -0.0045    0.0003    0.5868    0.5279    0.3650    0.3650   -0.0125   -0.1912   -0.3230    0.9623   -0.3967    0.4244    0.7351   -0.7608    0.8862   -0.6729    0.7784   -0.7784    0.3942   -0.7530   -0.1599   -0.8043   -0.7784   -0.3642   -0.4257    0.0301   -0.0014    0.3957    0.0665    0.0059
y              0.2974   -0.9489   -0.9764    0.4555    0.4240    1.0000   -0.1089    0.1294    0.0686   -0.0169    0.7413    0.8914    0.8770    0.8770   -0.2298    0.3928   -0.7297    0.4926   -0.9495    0.9763    0.8826    0.0824    0.5592    0.1958   -0.1040    0.1040    0.3586    0.0596   -0.4105    0.1582    0.1040   -0.8961   -0.9573   -0.7262    0.0004    0.3665    0.2667    0.0590
mcr            0.7215    0.1822    0.1634    0.0382    0.7475   -0.1089    1.0000   -0.1701    0.0052   -0.0076    0.4120   -0.0808    0.0287    0.0287    0.1147   -0.1273   -0.1883    0.7584    0.2167   -0.1228    0.3118   -0.9787    0.7427   -0.8841    0.9908   -0.9908    0.2498   -0.9776    0.1010   -0.9249   -0.9908    0.1289    0.1686    0.2888   -0.0018    0.2616    0.0444    0.0268
a              0.2166   -0.2608   -0.2250   -0.2648    0.0791    0.1294   -0.1701    1.0000    0.0000    0.0000   -0.0844   -0.0551   -0.1182   -0.1182    0.0057   -0.0208    0.1724    0.1146   -0.1923    0.1341    0.0819    0.1029   -0.0316    0.0950   -0.1027    0.1027    0.0021    0.1029   -0.1000    0.0126    0.1027   -0.2008   -0.2228    0.0000    0.0000   -0.0000    0.0000    0.0000
g             -0.0660   -0.0035   -0.0231    0.1323   -0.0045    0.0686    0.0052    0.0000    1.0000    0.0000    0.0308    0.0201    0.0395    0.0395    0.0031    0.0259   -0.0474   -0.0138   -0.0229    0.0711   -0.0107   -0.0040    0.0023   -0.0037    0.0000   -0.0000   -0.0020   -0.0059   -0.0145    0.0003   -0.0000   -0.0258   -0.0209    0.0000    0.0000   -0.0000    0.0000    0.0000
z             -0.0182    0.1084   -0.0025   -0.0422    0.0003   -0.0169   -0.0076    0.0000    0.0000    1.0000   -0.0002   -0.0000   -0.0049   -0.0049   -0.0583   -0.0223   -0.0006   -0.0360   -0.0011   -0.0175   -0.0127   -0.0087   -0.0063   -0.0080   -0.0001    0.0001   -0.0044   -0.0127   -0.0668   -0.0004    0.0001   -0.0022   -0.0025    0.0000    0.0000    0.0000    0.0000    0.0000
inv            0.4158   -0.6337   -0.6751    0.6989    0.5868    0.7413    0.4120   -0.0844    0.0308   -0.0002    1.0000    0.6029    0.8041    0.8041   -0.2018    0.4333   -0.8311    0.7140   -0.6147    0.7500    0.8857   -0.4071    0.8726   -0.3398    0.3986   -0.3986    0.3823   -0.4164   -0.1916   -0.2081   -0.3986   -0.5625   -0.6847   -0.6246    0.0062    0.3910    0.0806    0.0273
k              0.4173   -0.8887   -0.9022    0.1830    0.5279    0.8914   -0.0808   -0.0551    0.0201   -0.0000    0.6029    1.0000    0.7652    0.7652   -0.2152    0.1016   -0.5446    0.5045   -0.9197    0.9119    0.8341    0.0627    0.5220    0.0815   -0.0630    0.0630    0.3439    0.0608   -0.3783    0.0412    0.0630   -0.7789   -0.9041   -0.5410    0.0007    0.3386    0.0526    0.0080
n              0.1991   -0.8002   -0.8343    0.6947    0.3650    0.8770    0.0287   -0.1182    0.0395   -0.0049    0.8041    0.7652    1.0000    1.0000   -0.0915    0.6907   -0.9499    0.4893   -0.7772    0.8901    0.8663   -0.0615    0.6123   -0.0196   -0.0116    0.0116    0.3456   -0.1043   -0.4468    0.1340    0.0116   -0.8520   -0.7836   -0.8569    0.0243    0.3795    0.0830    0.0399
ce             0.1991   -0.8002   -0.8343    0.6947    0.3650    0.8770    0.0287   -0.1182    0.0395   -0.0049    0.8041    0.7652    1.0000    1.0000   -0.0915    0.6907   -0.9499    0.4893   -0.7772    0.8901    0.8663   -0.0615    0.6123   -0.0196   -0.0116    0.0116    0.3456   -0.1043   -0.4468    0.1340    0.0116   -0.8520   -0.7836   -0.8569    0.0243    0.3795    0.0830    0.0399
rk             0.0280    0.2528    0.2544   -0.1433   -0.0125   -0.2298    0.1147    0.0057    0.0031   -0.0583   -0.2018   -0.2152   -0.0915   -0.0915    1.0000    0.0830    0.0214   -0.0299    0.2786   -0.2378   -0.1472   -0.1785   -0.0715   -0.1655    0.0999   -0.0999   -0.0592   -0.2188   -0.7256   -0.1488   -0.0999    0.1893    0.2671    0.1029    0.0350   -0.0165   -0.0013    0.0161
qr            -0.3042   -0.3266   -0.3493    0.8129   -0.1912    0.3928   -0.1273   -0.0208    0.0259   -0.0223    0.4333    0.1016    0.6907    0.6907    0.0830    1.0000   -0.8059    0.0195   -0.2563    0.4004    0.3403    0.0836    0.1691    0.0905   -0.2069    0.2069    0.0659    0.0184   -0.3175    0.3852    0.2069   -0.5289   -0.2594   -0.8064    0.0329    0.1242    0.0294    0.0339
sp            -0.1499    0.6118    0.6560   -0.8252   -0.3230   -0.7297   -0.1883    0.1724   -0.0474   -0.0006   -0.8311   -0.5446   -0.9499   -0.9499    0.0214   -0.8059    1.0000   -0.4920    0.5704   -0.7333   -0.7850    0.2163   -0.6491    0.1542   -0.1294    0.1294   -0.3350    0.2687    0.3873   -0.0493    0.1294    0.7208    0.5959    0.8204   -0.0320   -0.3797   -0.1016   -0.0557
mrs            0.9191   -0.4595   -0.4730    0.1315    0.9623    0.4926    0.7584    0.1146   -0.0138   -0.0360    0.7140    0.5045    0.4893    0.4893   -0.0299    0.0195   -0.4920    1.0000   -0.4140    0.4989    0.8120   -0.7737    0.9525   -0.6916    0.7739   -0.7739    0.4998   -0.7779   -0.1748   -0.7394   -0.7739   -0.4518   -0.4566   -0.1058   -0.0180    0.5096    0.0514    0.0242
piw           -0.2924    0.9825    0.9866   -0.2761   -0.3967   -0.9495    0.2167   -0.1923   -0.0229   -0.0011   -0.6147   -0.9197   -0.7772   -0.7772    0.2786   -0.2563    0.5704   -0.4140    1.0000   -0.9507   -0.8140   -0.1921   -0.4489   -0.2436    0.1968   -0.1968   -0.2058   -0.1905    0.3853   -0.1985   -0.1968    0.8647    0.9836    0.6858   -0.0060   -0.2012   -0.1475    0.0040
yh             0.2990   -0.9537   -0.9726    0.4671    0.4244    0.9763   -0.1228    0.1341    0.0711   -0.0175    0.7500    0.9119    0.8901    0.8901   -0.2378    0.4004   -0.7333    0.4989   -0.9507    1.0000    0.8971    0.1001    0.5614    0.1157   -0.1180    0.1180    0.3740    0.0786   -0.3990    0.1738    0.1180   -0.8799   -0.9587   -0.7525    0.0004    0.3797    0.0517    0.0612
dh             0.6160   -0.8392   -0.8631    0.4348    0.7351    0.8826    0.3118    0.0819   -0.0107   -0.0127    0.8857    0.8341    0.8663    0.8663   -0.1472    0.3403   -0.7850    0.8120   -0.8140    0.8971    1.0000   -0.3427    0.8588   -0.2816    0.3149   -0.3149    0.4661   -0.3564   -0.3643   -0.2389   -0.3149   -0.7936   -0.8456   -0.6025    0.0013    0.4799    0.0778    0.0050
chstar        -0.7487   -0.1447   -0.1273   -0.0073   -0.7608    0.0824   -0.9787    0.1029   -0.0040   -0.0087   -0.4071    0.0627   -0.0615   -0.0615   -0.1785    0.0836    0.2163   -0.7737   -0.1921    0.1001   -0.3427    1.0000   -0.7484    0.8941   -0.9745    0.9745   -0.2557    0.9853   -0.0281    0.9214    0.9745   -0.0850   -0.1374   -0.2507   -0.0019   -0.2752   -0.0658    0.1210
m              0.7805   -0.4836   -0.5127    0.3643    0.8862    0.5592    0.7427   -0.0316    0.0023   -0.0063    0.8726    0.5220    0.6123    0.6123   -0.0715    0.1691   -0.6491    0.9525   -0.4489    0.5614    0.8588   -0.7484    1.0000   -0.6553    0.7454   -0.7454    0.4414   -0.7523   -0.1667   -0.6370   -0.7454   -0.4488   -0.5114   -0.2814    0.0016    0.4524    0.0802    0.0158
x             -0.6730   -0.1927   -0.1957    0.0032   -0.6729    0.1958   -0.8841    0.0950   -0.0037   -0.0080   -0.3398    0.0815   -0.0196   -0.0196   -0.1655    0.0905    0.1542   -0.6916   -0.2436    0.1157   -0.2816    0.8941   -0.6553    1.0000   -0.8795    0.8795   -0.2411    0.8764   -0.0784    0.8314    0.8795   -0.1756   -0.1934   -0.2316   -0.0018   -0.2542    0.3880    0.1117
prh            0.7662    0.1607    0.1459   -0.0365    0.7784   -0.1040    0.9908   -0.1027    0.0000   -0.0001    0.3986   -0.0630   -0.0116   -0.0116    0.0999   -0.2069   -0.1294    0.7739    0.1968   -0.1180    0.3149   -0.9745    0.7454   -0.8795    1.0000   -1.0000    0.2448   -0.9642    0.1160   -0.9496   -1.0000    0.1511    0.1362    0.3323   -0.0010    0.2493    0.0458    0.0135
pri           -0.7662   -0.1607   -0.1459    0.0365   -0.7784    0.1040   -0.9908    0.1027   -0.0000    0.0001   -0.3986    0.0630    0.0116    0.0116   -0.0999    0.2069    0.1294   -0.7739   -0.1968    0.1180   -0.3149    0.9745   -0.7454    0.8795   -1.0000    1.0000   -0.2448    0.9642   -0.1160    0.9496    1.0000   -0.1511   -0.1362   -0.3323    0.0010   -0.2493   -0.0458   -0.0135
prx            0.4007   -0.2329   -0.2737    0.2132    0.3942    0.3586    0.2498    0.0021   -0.0020   -0.0044    0.3823    0.3439    0.3456    0.3456   -0.0592    0.0659   -0.3350    0.4998   -0.2058    0.3740    0.4661   -0.2557    0.4414   -0.2411    0.2448   -0.2448    1.0000   -0.2595   -0.1590   -0.1611   -0.2448   -0.3546   -0.2271    0.0343   -0.0015    0.9961   -0.0109   -0.0050
rer           -0.7333   -0.1422   -0.1183   -0.0561   -0.7530    0.0596   -0.9776    0.1029   -0.0059   -0.0127   -0.4164    0.0608   -0.1043   -0.1043   -0.2188    0.0184    0.2687   -0.7779   -0.1905    0.0786   -0.3564    0.9853   -0.7523    0.8764   -0.9642    0.9642   -0.2595    1.0000    0.0179    0.9101    0.9642   -0.0496   -0.1395   -0.2120   -0.0033   -0.2871   -0.0751   -0.0274
dep           -0.1253    0.3791    0.3996   -0.1117   -0.1599   -0.4105    0.1010   -0.1000   -0.0145   -0.0668   -0.1916   -0.3783   -0.4468   -0.4468   -0.7256   -0.3175    0.3873   -0.1748    0.3853   -0.3990   -0.3643   -0.0281   -0.1667   -0.0784    0.1160   -0.1160   -0.1590    0.0179    1.0000   -0.0866   -0.1160    0.4191    0.3710    0.3734   -0.0523   -0.1994   -0.1171   -0.0214
bf            -0.8378   -0.1712   -0.1697    0.3008   -0.8043    0.1582   -0.9249    0.0126    0.0003   -0.0004   -0.2081    0.0412    0.1340    0.1340   -0.1488    0.3852   -0.0493   -0.7394   -0.1985    0.1738   -0.2389    0.9214   -0.6370    0.8314   -0.9496    0.9496   -0.1611    0.9101   -0.0866    1.0000    0.9496   -0.1697   -0.1608   -0.4744   -0.0007   -0.1644   -0.0438   -0.0138
prf           -0.7662   -0.1607   -0.1459    0.0365   -0.7784    0.1040   -0.9908    0.1027   -0.0000    0.0001   -0.3986    0.0630    0.0116    0.0116   -0.0999    0.2069    0.1294   -0.7739   -0.1968    0.1180   -0.3149    0.9745   -0.7454    0.8795   -1.0000    1.0000   -0.2448    0.9642   -0.1160    0.9496    1.0000   -0.1511   -0.1362   -0.3323    0.0010   -0.2493   -0.0458   -0.0135
pif           -0.2829    0.8904    0.9050   -0.3926   -0.3642   -0.8961    0.1289   -0.2008   -0.0258   -0.0022   -0.5625   -0.7789   -0.8520   -0.8520    0.1893   -0.5289    0.7208   -0.4518    0.8647   -0.8799   -0.7936   -0.0850   -0.4488   -0.1756    0.1511   -0.1511   -0.3546   -0.0496    0.4191   -0.1697   -0.1511    1.0000    0.8198    0.7089    0.0009   -0.3808   -0.2163   -0.0202
pih           -0.3184    0.9774    0.9855   -0.3150   -0.4257   -0.9573    0.1686   -0.2228   -0.0209   -0.0025   -0.6847   -0.9041   -0.7836   -0.7836    0.2671   -0.2594    0.5959   -0.4566    0.9836   -0.9587   -0.8456   -0.1374   -0.5114   -0.1934    0.1362   -0.1362   -0.2271   -0.1395    0.3710   -0.1608   -0.1362    0.8198    1.0000    0.6908   -0.0046   -0.2202   -0.1481    0.0075
rnomstar       0.1901    0.7073    0.7231   -0.7367    0.0301   -0.7262    0.2888    0.0000    0.0000    0.0000   -0.6246   -0.5410   -0.8569   -0.8569    0.1029   -0.8064    0.8204   -0.1058    0.6858   -0.7525   -0.6025   -0.2507   -0.2814   -0.2316    0.3323   -0.3323    0.0343   -0.2120    0.3734   -0.4744   -0.3323    0.7089    0.6908    1.0000    0.0000   -0.0000    0.0000    0.0000
pistar        -0.0176   -0.0043   -0.0032    0.0003   -0.0014    0.0004   -0.0018    0.0000    0.0000    0.0000    0.0062    0.0007    0.0243    0.0243    0.0350    0.0329   -0.0320   -0.0180   -0.0060    0.0004    0.0013   -0.0019    0.0016   -0.0018   -0.0010    0.0010   -0.0015   -0.0033   -0.0523   -0.0007    0.0010    0.0009   -0.0046    0.0000    1.0000   -0.0000    0.0000    0.0000
prcostar       0.3994   -0.2327   -0.2763    0.2406    0.3957    0.3665    0.2616   -0.0000   -0.0000    0.0000    0.3910    0.3386    0.3795    0.3795   -0.0165    0.1242   -0.3797    0.5096   -0.2012    0.3797    0.4799   -0.2752    0.4524   -0.2542    0.2493   -0.2493    0.9961   -0.2871   -0.1994   -0.1644   -0.2493   -0.3808   -0.2202   -0.0000    0.0000    1.0000    0.0000   -0.0000
yco            0.0411   -0.1315   -0.1741    0.0221    0.0665    0.2667    0.0444    0.0000    0.0000    0.0000    0.0806    0.0526    0.0830    0.0830   -0.0013    0.0294   -0.1016    0.0514   -0.1475    0.0517    0.0778   -0.0658    0.0802    0.3880    0.0458   -0.0458   -0.0109   -0.0751   -0.1171   -0.0438   -0.0458   -0.2163   -0.1481    0.0000    0.0000    0.0000    1.0000    0.0000
ystar         -0.0297    0.0243   -0.0004    0.1338    0.0059    0.0590    0.0268    0.0000    0.0000    0.0000    0.0273    0.0080    0.0399    0.0399    0.0161    0.0339   -0.0557    0.0242    0.0040    0.0612    0.0050    0.1210    0.0158    0.1117    0.0135   -0.0135   -0.0050   -0.0274   -0.0214   -0.0138   -0.0135   -0.0202    0.0075    0.0000    0.0000   -0.0000    0.0000    1.0000



COEFFICIENTS OF AUTOCORRELATION
Order            1       2       3       4       5
c           0.9963  0.9925  0.9885  0.9845  0.9804
rnom        0.9823  0.9714  0.9579  0.9433  0.9279
pic         0.9955  0.9865  0.9749  0.9618  0.9475
lab         0.9778  0.9486  0.9121  0.8700  0.8241
wr          0.9994  0.9979  0.9956  0.9925  0.9889
y           0.9942  0.9859  0.9754  0.9631  0.9492
mcr         0.9947  0.9877  0.9788  0.9682  0.9561
a           0.9500  0.9025  0.8574  0.8145  0.7738
g           0.9500  0.9025  0.8574  0.8145  0.7738
z           0.0000 -0.0000 -0.0000 -0.0000 -0.0000
inv         0.9955  0.9831  0.9637  0.9384  0.9082
k           0.9991  0.9965  0.9921  0.9860  0.9783
n           0.9712  0.9431  0.9157  0.8890  0.8630
ce          0.9712  0.9431  0.9157  0.8890  0.8630
rk          0.0407  0.0431  0.0402  0.0364  0.0325
qr          0.9282  0.8573  0.7873  0.7190  0.6530
sp          0.9546  0.9094  0.8647  0.8208  0.7778
mrs         0.9948  0.9879  0.9787  0.9680  0.9560
piw         0.9950  0.9860  0.9746  0.9617  0.9478
yh          0.9956  0.9886  0.9793  0.9681  0.9552
dh          0.9934  0.9840  0.9722  0.9584  0.9429
chstar      0.9895  0.9788  0.9677  0.9560  0.9440
m           0.9963  0.9882  0.9763  0.9611  0.9431
x           0.9835  0.9671  0.9506  0.9341  0.9175
prh         0.9988  0.9954  0.9899  0.9826  0.9738
pri         0.9988  0.9954  0.9899  0.9826  0.9738
prx         0.9727  0.9459  0.9195  0.8934  0.8676
rer         0.9836  0.9676  0.9521  0.9370  0.9223
dep         0.1284  0.1393  0.1489  0.1589  0.1680
bf          0.9998  0.9992  0.9982  0.9968  0.9950
prf         0.9988  0.9954  0.9899  0.9826  0.9738
pif         0.9911  0.9697  0.9407  0.9077  0.8736
pih         0.9926  0.9785  0.9613  0.9427  0.9233
rnomstar    0.9700  0.9409  0.9127  0.8853  0.8587
pistar      0.5500  0.3025  0.1664  0.0915  0.0503
prcostar    0.9700  0.9409  0.9127  0.8853  0.8587
yco         0.9500  0.9025  0.8574  0.8145  0.7738
ystar       0.8500  0.7225  0.6141  0.5220  0.4437
Total computing time : 0h00m00s
