Starting Dynare (version 4.5.7).
Starting preprocessing of the model file ...
Found 26 equation(s).
Evaluating expressions...done
Computing static model derivatives:
 - order 1
Computing dynamic model derivatives:
 - order 1
Processing outputs ...
done
Preprocessing completed.




Residuals of the static equations:

Equation number 1 : 0
Equation number 2 : 0
Equation number 3 : 0
Equation number 4 : 0
Equation number 5 : 0
Equation number 6 : 0
Equation number 7 : 0
Equation number 8 : 0
Equation number 9 : 0
Equation number 10 : 0
Equation number 11 : 0
Equation number 12 : 0
Equation number 13 : 0
Equation number 14 : 0
Equation number 15 : 0
Equation number 16 : 0
Equation number 17 : 0
Equation number 18 : 0
Equation number 19 : 0
Equation number 20 : 0
Equation number 21 : 0
Equation number 22 : 0
Equation number 23 : 0
Equation number 24 : 0
Equation number 25 : 0
Equation number 26 : 0



EIGENVALUES:
         Modulus             Real        Imaginary

               0                0                0
               0                0                0
       1.627e-18        1.627e-18                0
          0.7729           0.7729                0
           0.867            0.867                0
             0.9              0.9                0
             0.9              0.9                0
          0.9269           0.9269                0
           1.074            1.021           0.3359
           1.074            1.021          -0.3359
           1.085            1.085                0
           1.339            1.339                0
       1.241e+16       -1.241e+16                0
       8.155e+16       -8.155e+16                0


There are 6 eigenvalue(s) larger than 1 in modulus 
for 6 forward-looking variable(s)

The rank condition is verified.


MODEL SUMMARY

  Number of variables:         26
  Number of stochastic shocks: 3
  Number of state variables:   8
  Number of jumpers:           6
  Number of static variables:  13


MATRIX OF COVARIANCE OF EXOGENOUS SHOCKS
Variables        sh_G     sh_zy     sh_zM
sh_G         0.010000  0.000000  0.000000
sh_zy        0.000000  0.000000  0.000000
sh_zM        0.000000  0.000000  0.000000

POLICY AND TRANSITION FUNCTIONS
                                   c             c_r             c_o               y               x              rk               w            infT             tax               n              nr              no               g               R              bg
Constant                   -0.415515       -0.415515       -0.415515               0       -1.832581       -3.375100        0.703610        0.007390        0.180000       -1.203973       -1.203973       -1.203973        0.180000        0.017440               0
ko(-1)                      0.450597        0.503750        0.397443        0.220412       -0.481136        0.814126        0.511185        0.007721               0        0.302941        0.037173        0.568710               0        0.011581               0
k(-1)                      -0.030633       -0.106930        0.045664       -0.010871        0.058419       -1.497881       -0.108508       -0.030335               0       -0.389374       -0.007891       -0.770857               0       -0.045502               0
zY(-1)                      0.550393        0.456430        0.644357        0.582678        1.371367        0.027028        0.463166       -0.101080               0       -0.436137        0.033681       -0.905956               0       -0.151620               0
g(-1)                      -0.196177       -0.131294       -0.261061        0.738859       -0.197902        1.022437        0.006925        0.081287        0.254936        1.015512        0.691095        1.339928        0.900000        0.121930        0.645064
bg(-1)                     -0.034754       -0.114638        0.045129       -0.010637        0.076881       -0.052298       -0.037678       -0.009144        0.143062       -0.014620        0.384797       -0.414037               0       -0.013717        0.867039
xo(-1)                      0.006735        0.039659       -0.026188        0.121901        0.734100        0.207790        0.040245        0.018810               0        0.167545        0.002927        0.332164               0        0.028216               0
sh_G                       -0.217975       -0.145882       -0.290067        0.820954       -0.219891        1.136041        0.007695        0.090319        0.283262        1.128346        0.767884        1.488809        1.000000        0.135478        0.716738
sh_zy                       0.611548        0.507144        0.715952        0.647420        1.523741        0.030031        0.514629       -0.112311               0       -0.484597        0.037423       -1.006618               0       -0.168467               0
sh_zM                      -1.036457       -1.252196       -0.820718       -0.852058       -1.049977       -2.441773       -1.270676       -0.121454               0       -1.171096       -0.092402       -2.249790               0        0.817818               0


THEORETICAL MOMENTS
VARIABLE         MEAN  STD. DEV.   VARIANCE
c             -0.4155     0.0764     0.0058
c_r           -0.4155     0.1286     0.0165
c_o           -0.4155     0.0526     0.0028
y              0.0000     0.1824     0.0333
x             -1.8326     0.1368     0.0187
rk            -3.3751     0.2290     0.0525
w              0.7036     0.0314     0.0010
infT           0.0074     0.0154     0.0002
tax            0.1800     0.1866     0.0348
n             -1.2040     0.2500     0.0625
nr            -1.2040     0.5035     0.2535
no            -1.2040     0.2499     0.0624
g              0.1800     0.2294     0.0526
R              0.0174     0.0230     0.0005
bg             0.0000     0.9395     0.8827



VARIANCE DECOMPOSITION (in percent)
          sh_G   sh_zy   sh_zM
c       100.00    0.00    0.00
c_r     100.00    0.00    0.00
c_o     100.00    0.00    0.00
y       100.00    0.00    0.00
x       100.00    0.00    0.00
rk      100.00    0.00    0.00
w       100.00    0.00    0.00
infT    100.00    0.00    0.00
tax     100.00    0.00    0.00
n       100.00    0.00    0.00
nr      100.00    0.00    0.00
no      100.00    0.00    0.00
g       100.00    0.00    0.00
R       100.00    0.00    0.00
bg      100.00    0.00    0.00



MATRIX OF CORRELATIONS
Variables         c     c_r     c_o       y       x      rk       w    infT     tax       n      nr      no       g       R      bg
c            1.0000  0.9443  0.5952 -0.9532 -0.2091 -0.9456  0.9014 -0.8646 -0.9257 -0.9624 -0.9252 -0.0613 -0.9577 -0.8646 -0.8804
c_r          0.9443  1.0000  0.2977 -0.8729 -0.4557 -0.8036  0.9150 -0.6758 -0.9924 -0.8688 -0.9921  0.2606 -0.8581 -0.6758 -0.9849
c_o          0.5952  0.2977  1.0000 -0.6338  0.5062 -0.7812  0.3808 -0.8581 -0.2623 -0.6705 -0.2616 -0.8144 -0.6831 -0.8581 -0.1489
y           -0.9532 -0.8729 -0.6338  1.0000  0.0921  0.9748 -0.7306  0.9357  0.8871  0.9980  0.8872  0.2092  0.9958  0.9357  0.8245
x           -0.2091 -0.4557  0.5062  0.0921  1.0000 -0.0214 -0.3894 -0.1733  0.4606  0.0752  0.4606 -0.7776  0.0238 -0.1733  0.5486
rk          -0.9456 -0.8036 -0.7812  0.9748 -0.0214  1.0000 -0.7314  0.9808  0.7986  0.9860  0.7984  0.3639  0.9850  0.9808  0.7207
w            0.9014  0.9150  0.3808 -0.7306 -0.3894 -0.7314  1.0000 -0.5946 -0.8582 -0.7499 -0.8570  0.2265 -0.7418 -0.5946 -0.8518
infT        -0.8646 -0.6758 -0.8581  0.9357 -0.1733  0.9808 -0.5946  1.0000  0.6779  0.9479  0.6779  0.5307  0.9505  1.0000  0.5839
tax         -0.9257 -0.9924 -0.2623  0.8871  0.4606  0.7986 -0.8582  0.6779  1.0000  0.8760  1.0000 -0.2623  0.8648  0.6779  0.9925
n           -0.9624 -0.8688 -0.6705  0.9980  0.0752  0.9860 -0.7499  0.9479  0.8760  1.0000  0.8760  0.2357  0.9979  0.9479  0.8107
nr          -0.9252 -0.9921 -0.2616  0.8872  0.4606  0.7984 -0.8570  0.6779  1.0000  0.8760  1.0000 -0.2622  0.8648  0.6779  0.9925
no          -0.0613  0.2606 -0.8144  0.2092 -0.7776  0.3639  0.2265  0.5307 -0.2623  0.2357 -0.2622  1.0000  0.2540  0.5307 -0.3777
g           -0.9577 -0.8581 -0.6831  0.9958  0.0238  0.9850 -0.7418  0.9505  0.8648  0.9979  0.8648  0.2540  1.0000  0.9505  0.7967
R           -0.8646 -0.6758 -0.8581  0.9357 -0.1733  0.9808 -0.5946  1.0000  0.6779  0.9479  0.6779  0.5307  0.9505  1.0000  0.5839
bg          -0.8804 -0.9849 -0.1489  0.8245  0.5486  0.7207 -0.8518  0.5839  0.9925  0.8107  0.9925 -0.3777  0.7967  0.5839  1.0000



COEFFICIENTS OF AUTOCORRELATION
Order         1       2       3       4       5
c        0.9572  0.9079  0.8536  0.7958  0.7358
c_r      0.9887  0.9629  0.9264  0.8824  0.8334
c_o      0.8278  0.6910  0.5803  0.4892  0.4126
y        0.8926  0.8044  0.7305  0.6674  0.6125
x        0.9710  0.9051  0.8177  0.7195  0.6180
rk       0.8677  0.7626  0.6768  0.6047  0.5422
w        0.9823  0.9421  0.8860  0.8192  0.7458
infT     0.8082  0.6629  0.5513  0.4643  0.3952
tax      0.9860  0.9620  0.9304  0.8934  0.8527
n        0.8920  0.8030  0.7278  0.6629  0.6057
nr       0.9859  0.9619  0.9304  0.8936  0.8530
no       0.7747  0.6017  0.4687  0.3665  0.2877
g        0.9000  0.8100  0.7290  0.6561  0.5905
R        0.8082  0.6629  0.5513  0.4643  0.3952
bg       0.9925  0.9735  0.9457  0.9115  0.8726
 
Government expenditure Fiscal Multipliers:
-------------------------------------------------------------------------------------------------------------
                                            1Q     4Q     8Q     16Q     20Q     Inf     Max     Min
PV Fiscal Multipliers                    : 0.82	 0.78	0.77	0.79	0.81	0.81	0.82	0.77
Cumulative Fiscal Multipliers            : 0.82	 0.78	0.77	0.79	0.81	0.81	0.82	0.77
-------------------------------------------------------------------------------------------------------------
 
Total computing time : 0h00m10s
