Starting Dynare (version 4.5.7).
Starting preprocessing of the model file ...
Found 24 equation(s).
Evaluating expressions...done
Computing static model derivatives:
 - order 1
Computing dynamic model derivatives:
 - order 1
 - order 2
Processing outputs ...
done
Preprocessing completed.




Residuals of the static equations:

Equation number 1 : 0
Equation number 2 : 0
Equation number 3 : 0
Equation number 4 : 0
Equation number 5 : 0
Equation number 6 : 0
Equation number 7 : 0
Equation number 8 : 0
Equation number 9 : 0
Equation number 10 : 0
Equation number 11 : 0
Equation number 12 : 0
Equation number 13 : 0
Equation number 14 : 0
Equation number 15 : 0
Equation number 16 : 0
Equation number 17 : 0
Equation number 18 : 0
Equation number 19 : 0
Equation number 20 : 0
Equation number 21 : 0
Equation number 22 : 0
Equation number 23 : 0
Equation number 24 : 0



STEADY-STATE RESULTS:

c      		 0
ch     		 0
cf     		 0
prh    		 0
rer    		 0
rnom   		 0
pic    		 0
pih    		 0
lab    		 0
rw     		 0
y      		 0
mchr   		 0
a      		 0
g      		 0
z      		 0
cstar  		 0
varphi 		 0
gammaH 		 0
dep    		 0
bstar  		 0
chstar 		 0
istar  		 0
pistar 		 0
tb     		 0

EIGENVALUES:
         Modulus             Real        Imaginary

               0                0                0
       4.228e-17        4.228e-17                0
          0.6249           0.6249                0
             0.7              0.7                0
             0.8              0.8                0
            0.85             0.85                0
            0.85             0.85                0
             0.9              0.9                0
             0.9              0.9                0
            0.95             0.95                0
          0.9949           0.9949                0
            1.01             1.01                0
           1.081            1.081                0
           1.365            1.365                0
             Inf             -Inf                0
             Inf              Inf                0


There are 5 eigenvalue(s) larger than 1 in modulus 
for 5 forward-looking variable(s)

The rank condition is verified.


MODEL SUMMARY

  Number of variables:         24
  Number of stochastic shocks: 8
  Number of state variables:   11
  Number of jumpers:           5
  Number of static variables:  10


MATRIX OF COVARIANCE OF EXOGENOUS SHOCKS
Variables         e_a       e_g       e_z   e_cstar   e_istar  e_pistar  e_varphi  e_gammaH
e_a          0.490000  0.000000  0.000000  0.000000  0.000000  0.000000  0.000000  0.000000
e_g          0.000000  0.250000  0.000000  0.000000  0.000000  0.000000  0.000000  0.000000
e_z          0.000000  0.000000  0.062500  0.000000  0.000000  0.000000  0.000000  0.000000
e_cstar      0.000000  0.000000  0.000000  1.000000  0.000000  0.000000  0.000000  0.000000
e_istar      0.000000  0.000000  0.000000  0.000000  0.062500  0.000000  0.000000  0.000000
e_pistar     0.000000  0.000000  0.000000  0.000000  0.000000  0.062500  0.000000  0.000000
e_varphi     0.000000  0.000000  0.000000  0.000000  0.000000  0.000000  0.062500  0.000000
e_gammaH     0.000000  0.000000  0.000000  0.000000  0.000000  0.000000  0.000000  0.250000

POLICY AND TRANSITION FUNCTIONS
                                   c              ch              cf             prh             rer            rnom             pic             pih             lab              rw               y            mchr               a               g               z           cstar          varphi          gammaH             dep           bstar          chstar           istar          pistar              tb
rnom(-1)                   -1.899187       -2.386771       -0.761493        0.975167       -2.275389        0.377013       -2.102164       -1.126997       -2.158323       -4.057510       -2.158323       -4.057510               0               0               0               0               0               0       -4.377553       -0.716031       -1.625278               0               0        0.716031
a(-1)                       0.137839        0.250339       -0.124663       -0.225001        0.525003       -0.005087       -0.022607       -0.247608       -0.612262       -0.474423        0.287738       -1.374423        0.900000               0               0               0               0               0        0.502396        0.075102        0.375002               0               0       -0.075102
g(-1)                       0.578023        0.549663        0.644197        0.056720       -0.132347        0.021360        0.094935        0.151655        0.356404        0.934428        0.356404        0.934428               0        0.800000               0               0               0               0       -0.037412        0.164899       -0.094533               0               0       -0.164899
z(-1)                      -4.082546       -5.187152       -1.505131        2.209213       -5.154830       -0.522641       -5.433960       -3.224747       -4.735613       -8.818159       -4.735613       -8.818159               0               0        0.700000               0               0               0      -10.588790       -1.556146       -3.682021               0               0        1.556146
cstar(-1)                   0.121901        0.075278        0.230687        0.093245       -0.217572       -0.007755       -0.034468        0.058777        0.261072        0.382973        0.261072        0.382973               0               0               0        0.850000               0               0       -0.252041       -0.232417        0.694591               0               0        0.232417
varphi(-1)                 -1.966066       -1.248437       -3.640533       -1.435258        3.348936        0.329295        1.463535        0.028277       -0.156277       -2.122342       -0.156277       -2.122342               0               0               0               0        0.850000               0        4.812470       -0.374531        2.392097               0               0        0.374531
bstar(-1)                  -0.089599       -0.067936       -0.140147       -0.043326        0.101095        0.006302        0.028011       -0.015316       -0.025892       -0.115491       -0.025892       -0.115491               0               0               0               0               0               0        0.129106        0.984644        0.072211               0               0        0.020381
istar(-1)                  -6.406698       -4.422019      -11.037615       -3.969357        9.261834        0.817515        3.633402       -0.335955       -1.110734       -7.517432       -1.110734       -7.517432               0               0               0               0               0               0       12.895236       -1.326606        6.615596        0.950000               0        1.326606
rer(-1)                     0.215454        0.270768        0.086388       -0.110628        0.258132       -0.042770       -0.190091        0.127853        0.244852        0.460306        0.244852        0.460306               0               0               0               0               0               0       -0.931958        0.081230        0.184380               0               0       -0.081230
pistar(-1)                  2.823064        1.854708        5.082562        1.936713       -4.518996       -0.430610       -1.913823        0.022890        0.329939        3.153003        0.329939        3.153003               0               0               0               0               0               0       -7.332819        0.556412       -3.227854               0        0.900000       -0.556412
e_a                         0.153154        0.278155       -0.138514       -0.250002        0.583337       -0.005652       -0.025119       -0.275120       -0.680291       -0.527137        0.319709       -1.527137        1.000000               0               0               0               0               0        0.558218        0.083446        0.416669               0               0       -0.083446
e_g                         0.722529        0.687079        0.805246        0.070900       -0.165433        0.026700        0.118669        0.189569        0.445505        1.168035        0.445505        1.168035               0        1.000000               0               0               0               0       -0.046765        0.206124       -0.118167               0               0       -0.206124
e_z                        -5.832208       -7.410218       -2.150187        3.156018       -7.364043       -0.746630       -7.762800       -4.606782       -6.765161      -12.597370       -6.765161      -12.597370               0               0        1.000000               0               0               0      -15.126843       -2.223065       -5.260030               0               0        2.223065
e_cstar                     0.143413        0.088562        0.271396        0.109700       -0.255968       -0.009124       -0.040551        0.069150        0.307143        0.450556        0.307143        0.450556               0               0               0        1.000000               0               0       -0.296518       -0.273431        0.817166               0               0        0.273431
e_istar                    -6.743892       -4.654757      -11.618542       -4.178271        9.749299        0.860543        3.824634       -0.353637       -1.169194       -7.913086       -1.169194       -7.913086               0               0               0               0               0               0       13.573933       -1.396427        6.963785        1.000000               0        1.396427
e_pistar                    3.136738        2.060786        5.647291        2.151903       -5.021107       -0.478456       -2.126470        0.025433        0.366599        3.503337        0.366599        3.503337               0               0               0               0               0               0       -8.147577        0.618236       -3.586505               0        1.000000       -0.618236
e_varphi                   -2.313018       -1.468749       -4.282981       -1.688539        3.939924        0.387406        1.721806        0.033267       -0.183855       -2.496873       -0.183855       -2.496873               0               0               0               0        1.000000               0        5.661730       -0.440625        2.814232               0               0        0.440625
e_gammaH                   -0.502726       -0.631792       -0.201572        0.258132       -0.602309        0.099798        0.443545        0.701677       -0.571321       -1.074047       -0.571321       -1.074047               0               0               0               0               0        1.000000       -0.158764       -0.189538       -0.430221               0               0        0.189538


THEORETICAL MOMENTS
VARIABLE         MEAN  STD. DEV.   VARIANCE
c              0.0000     5.6437    31.8515
ch             0.0000     4.1216    16.9876
cf             0.0000    10.5252   110.7792
prh            0.0000     4.7702    22.7548
rer            0.0000    11.1305   123.8870
rnom           0.0000     0.6418     0.4119
pic            0.0000     2.4596     6.0498
pih            0.0000     1.7513     3.0670
lab            0.0000     2.6546     7.0471
rw             0.0000     6.8751    47.2666
y              0.0000     2.7887     7.7766
mchr           0.0000     7.0711    50.0007
a              0.0000     1.6059     2.5789
g              0.0000     0.8333     0.6944
z              0.0000     0.3501     0.1225
cstar          0.0000     1.8983     3.6036
varphi         0.0000     0.4746     0.2252
gammaH         0.0000     0.5000     0.2500
dep            0.0000     5.7049    32.5454
bstar          0.0000    53.9543  2911.0644
chstar         0.0000     8.0024    64.0381
istar          0.0000     0.8006     0.6410
pistar         0.0000     0.5735     0.3289
tb             0.0000     1.3436     1.8053



VARIANCE DECOMPOSITION (in percent)
               e_a       e_g       e_z   e_cstar   e_istar  e_pistar  e_varphi  e_gammaH
c             3.41      0.80     16.60      4.98     62.88      7.85      3.10      0.38
ch            6.69      1.17     41.88      2.57     39.78      5.00      1.94      0.97
cf            3.28      0.41      5.73      6.44     71.60      8.90      3.55      0.10
prh           6.02      0.14     12.02      6.48     64.00      7.92      3.19      0.23
rer           6.02      0.14     12.02      6.48     64.00      7.92      3.19      0.23
rnom          2.88      0.68     15.71      0.11     60.38     12.84      6.43      0.99
pic           0.23      0.09     75.50      0.05     15.48      4.68      3.08      0.88
pih           1.92      0.40     87.99      0.24      4.03      0.66      0.28      4.48
lab           6.29      1.02     84.11      3.18      2.99      0.36      0.14      1.91
rw            1.82      1.22     43.50      3.94     41.32      5.19      2.02      1.01
y            15.08      0.93     76.22      2.88      2.71      0.32      0.13      1.73
mchr          7.19      1.15     41.12      3.72     39.06      4.91      1.91      0.96
a           100.00      0.00      0.00      0.00      0.00      0.00      0.00      0.00
g             0.00    100.00      0.00      0.00      0.00      0.00      0.00      0.00
z             0.00      0.00    100.00      0.00      0.00      0.00      0.00      0.00
cstar         0.00      0.00      0.00    100.00      0.00      0.00      0.00      0.00
varphi        0.00      0.00      0.00      0.00      0.00      0.00    100.00      0.00
gammaH        0.00      0.00      0.00      0.00      0.00      0.00      0.00    100.00
dep           0.51      0.01     44.14      0.27     35.67     12.91      6.46      0.03
bstar         7.54      0.27     12.63     13.51     61.22      3.71      0.91      0.21
chstar        5.94      0.14     11.87      7.69     63.17      7.82      3.15      0.22
istar         0.00      0.00      0.00      0.00    100.00      0.00      0.00      0.00
pistar        0.00      0.00      0.00      0.00      0.00    100.00      0.00      0.00
tb            5.66      0.99     35.47     17.49     33.69      4.23      1.65      0.82



MATRIX OF CORRELATIONS
Variables         c      ch      cf     prh     rer    rnom     pic     pih     lab      rw       y    mchr       a       g       z   cstar  varphi  gammaH     dep   bstar  chstar   istar  pistar      tb
c            1.0000  0.9275  0.9399  0.7634 -0.7634 -0.5645  0.0901  0.2082  0.2793  0.9287  0.3197  0.8818  0.0935  0.0795 -0.3498  0.0637 -0.1652 -0.0445 -0.0451 -0.3597 -0.7433 -0.6436  0.2534 -0.8266
ch           0.9275  1.0000  0.7441  0.4667 -0.4667 -0.3433  0.3290  0.4910  0.5404  0.9700  0.6424  0.8927  0.2223  0.0975 -0.6287  0.0341 -0.1287 -0.0766  0.1011 -0.2372 -0.4556 -0.5085  0.1994 -0.9058
cf           0.9399  0.7441  1.0000  0.9381 -0.9381 -0.6953 -0.1396 -0.0766  0.0054  0.7736 -0.0156  0.7604 -0.0361  0.0530 -0.0508  0.0827 -0.1776 -0.0096 -0.1730 -0.4262 -0.9124 -0.6857  0.2707 -0.6497
prh          0.7634  0.4667  0.9381  1.0000 -1.0000 -0.7426 -0.3554 -0.3559 -0.2730  0.5213 -0.3537  0.5439 -0.1630  0.0197  0.2587  0.0919 -0.1684  0.0271 -0.2814 -0.4413 -0.9717 -0.6441  0.2549 -0.3905
rer         -0.7634 -0.4667 -0.9381 -1.0000  1.0000  0.7426  0.3554  0.3559  0.2730 -0.5213  0.3537 -0.5439  0.1630 -0.0197 -0.2587 -0.0919  0.1684 -0.0271  0.2814  0.4413  0.9717  0.6441 -0.2549  0.3905
rnom        -0.5645 -0.3433 -0.6953 -0.7426  0.7426  1.0000  0.5683  0.5223  0.3835 -0.3153  0.2801 -0.2731 -0.1476  0.0733 -0.3952  0.0011  0.2519  0.0777  0.4783 -0.1238  0.7380  0.7633 -0.3550  0.3164
pic          0.0901  0.3290 -0.1396 -0.3554  0.3554  0.5683  1.0000  0.7805  0.7013  0.3447  0.6444  0.3443 -0.0402  0.0272 -0.8182  0.0003  0.0811  0.0902  0.8878  0.0174  0.3531  0.1704 -0.0968 -0.3026
pih          0.2082  0.4910 -0.0766 -0.3559  0.3559  0.5223  0.7805  1.0000  0.9226  0.5271  0.8202  0.5354 -0.1009  0.0489 -0.9377  0.0380  0.0450  0.2003  0.4121  0.0042  0.3626  0.1516 -0.0665 -0.4358
lab          0.2793  0.5404  0.0054 -0.2730  0.2730  0.3835  0.7013  0.9226  1.0000  0.6154  0.8270  0.6476 -0.2169  0.0883 -0.9158  0.1690  0.0114 -0.1076  0.3482  0.0921  0.3113  0.0260 -0.0123 -0.4257
rw           0.9287  0.9700  0.7736  0.5213 -0.5213 -0.3153  0.3447  0.5271  0.6154  1.0000  0.5818  0.9739 -0.0070  0.0994 -0.6408  0.1175 -0.1312 -0.0781  0.0974 -0.2597 -0.4900 -0.5183  0.2033 -0.8429
y            0.3197  0.6424 -0.0156 -0.3537  0.3537  0.2801  0.6444  0.8202  0.8270  0.5818  1.0000  0.4817  0.3694  0.0841 -0.8718  0.1609  0.0109 -0.1024  0.3398  0.1184  0.3896  0.0248 -0.0117 -0.5230
mchr         0.8818  0.8927  0.7604  0.5439 -0.5439 -0.2731  0.3443  0.5354  0.6476  0.9739  0.4817  1.0000 -0.2339  0.0966 -0.6230  0.1143 -0.1275 -0.0759  0.0914 -0.2647 -0.5132 -0.5039  0.1976 -0.7731
a            0.0935  0.2223 -0.0361 -0.1630  0.1630 -0.1476 -0.0402 -0.1009 -0.2169 -0.0070  0.3694 -0.2339  1.0000  0.0000  0.0000  0.0000  0.0000  0.0000  0.0145  0.0534  0.1619  0.0000  0.0000 -0.2046
g            0.0795  0.0975  0.0530  0.0197 -0.0197  0.0733  0.0272  0.0489  0.0883  0.0994  0.0841  0.0966  0.0000  1.0000  0.0000  0.0000  0.0000  0.0000  0.0040  0.0114 -0.0195  0.0000  0.0000 -0.0897
z           -0.3498 -0.6287 -0.0508  0.2587 -0.2587 -0.3952 -0.8182 -0.9377 -0.9158 -0.6408 -0.8718 -0.6230  0.0000  0.0000  1.0000  0.0000  0.0000  0.0000 -0.5042 -0.0486 -0.2571  0.0000  0.0000  0.5786
cstar        0.0637  0.0341  0.0827  0.0919 -0.0919  0.0011  0.0003  0.0380  0.1690  0.1175  0.1609  0.1143  0.0000  0.0000  0.0000  1.0000  0.0000  0.0000 -0.0267 -0.0671  0.1459  0.0000  0.0000  0.3925
varphi      -0.1652 -0.1287 -0.1776 -0.1684  0.1684  0.2519  0.0811  0.0450  0.0114 -0.1312  0.0109 -0.1275  0.0000  0.0000  0.0000  0.0000  1.0000  0.0000  0.0842 -0.0202  0.1673  0.0000  0.0000  0.1184
gammaH      -0.0445 -0.0766 -0.0096  0.0271 -0.0271  0.0777  0.0902  0.2003 -0.1076 -0.0781 -0.1024 -0.0759  0.0000  0.0000  0.0000  0.0000  0.0000  1.0000 -0.0139 -0.0018 -0.0269  0.0000  0.0000  0.0705
dep         -0.0451  0.1011 -0.1730 -0.2814  0.2814  0.4783  0.8878  0.4121  0.3482  0.0974  0.3398  0.0914  0.0145  0.0040 -0.5042 -0.0267  0.0842 -0.0139  1.0000  0.0171  0.2732  0.1363 -0.1920 -0.1043
bstar       -0.3597 -0.2372 -0.4262 -0.4413  0.4413 -0.1238  0.0174  0.0042  0.0921 -0.2597  0.1184 -0.2647  0.0534  0.0114 -0.0486 -0.0671 -0.0202 -0.0018  0.0171  1.0000  0.4225 -0.2577  0.0479  0.1898
chstar      -0.7433 -0.4556 -0.9124 -0.9717  0.9717  0.7380  0.3531  0.3626  0.3113 -0.4900  0.3896 -0.5132  0.1619 -0.0195 -0.2571  0.1459  0.1673 -0.0269  0.2732  0.4225  1.0000  0.6400 -0.2533  0.4811
istar       -0.6436 -0.5085 -0.6857 -0.6441  0.6441  0.7633  0.1704  0.1516  0.0260 -0.5183  0.0248 -0.5039  0.0000  0.0000  0.0000  0.0000  0.0000  0.0000  0.1363 -0.2577  0.6400  1.0000  0.0000  0.4680
pistar       0.2534  0.1994  0.2707  0.2549 -0.2549 -0.3550 -0.0968 -0.0665 -0.0123  0.2033 -0.0117  0.1976  0.0000  0.0000  0.0000  0.0000  0.0000  0.0000 -0.1920  0.0479 -0.2533  0.0000  1.0000 -0.1835
tb          -0.8266 -0.9058 -0.6497 -0.3905  0.3905  0.3164 -0.3026 -0.4358 -0.4257 -0.8429 -0.5230 -0.7731 -0.2046 -0.0897  0.5786  0.3925  0.1184  0.0705 -0.1043  0.1898  0.4811  0.4680 -0.1835  1.0000



COEFFICIENTS OF AUTOCORRELATION
Order          1       2       3       4       5
c         0.8923  0.8082  0.7409  0.6857  0.6393
ch        0.8148  0.6786  0.5770  0.5000  0.4408
cf        0.9420  0.8905  0.8441  0.8018  0.7629
prh       0.9474  0.8981  0.8523  0.8099  0.7707
rer       0.9474  0.8981  0.8523  0.8099  0.7707
rnom      0.8536  0.7449  0.6616  0.5957  0.5420
pic       0.2951  0.2141  0.1558  0.1140  0.0840
pih       0.6813  0.4940  0.3600  0.2642  0.1957
lab       0.7154  0.5136  0.3706  0.2691  0.1970
rw        0.8050  0.6641  0.5611  0.4846  0.4269
y         0.7552  0.5760  0.4445  0.3477  0.2760
mchr      0.8048  0.6643  0.5618  0.4859  0.4287
a         0.9000  0.8100  0.7290  0.6561  0.5905
g         0.8000  0.6400  0.5120  0.4096  0.3277
z         0.7000  0.4900  0.3430  0.2401  0.1681
cstar     0.8500  0.7225  0.6141  0.5220  0.4437
varphi    0.8500  0.7225  0.6141  0.5220  0.4437
gammaH    0.0000  0.0000  0.0000  0.0000  0.0000
dep       0.0275  0.0160  0.0086  0.0039  0.0010
bstar     0.9997  0.9989  0.9978  0.9962  0.9945
chstar    0.9425  0.8893  0.8405  0.7957  0.7545
istar     0.9500  0.9025  0.8574  0.8145  0.7738
pistar    0.9000  0.8100  0.7290  0.6561  0.5905
tb        0.8211  0.6853  0.5810  0.4998  0.4355
Total computing time : 0h00m01s
