Starting Dynare (version 4.5.7).
Starting preprocessing of the model file ...
Found 40 equation(s).
Evaluating expressions...done
Computing static model derivatives:
 - order 1
Computing dynamic model derivatives:
 - order 1
 - order 2
Processing outputs ...
done
Preprocessing completed.




Residuals of the static equations:

Equation number 1 : 0
Equation number 2 : 0
Equation number 3 : 0
Equation number 4 : 0
Equation number 5 : 0
Equation number 6 : 0
Equation number 7 : 0
Equation number 8 : 0
Equation number 9 : 0
Equation number 10 : 0
Equation number 11 : 0
Equation number 12 : 0
Equation number 13 : 0
Equation number 14 : 0
Equation number 15 : 0
Equation number 16 : 0
Equation number 17 : 0
Equation number 18 : 0
Equation number 19 : 0
Equation number 20 : 0
Equation number 21 : 0
Equation number 22 : 0
Equation number 23 : 0
Equation number 24 : 0
Equation number 25 : 0
Equation number 26 : 0
Equation number 27 : 0
Equation number 28 : 0
Equation number 29 : 0
Equation number 30 : 0
Equation number 31 : 0
Equation number 32 : 0
Equation number 33 : 0
Equation number 34 : 0
Equation number 35 : 0
Equation number 36 : 0
Equation number 37 : 0
Equation number 38 : 0
Equation number 39 : 0
Equation number 40 : 0



STEADY-STATE RESULTS:

c          		 0
ch         		 0
cf         		 0
prh        		 0
rer        		 0
rnom       		 0
pic        		 0
pih        		 0
lab        		 0
rw         		 0
y          		 0
mchr       		 0
a          		 0
g          		 0
z          		 0
cstar      		 0
varphi     		 0
gammaH     		 0
dep        		 0
bstar      		 0
chstar     		 0
istar      		 0
pistar     		 0
tb         		 0
y_gap      		 0
c_nat      		 0
ch_nat     		 0
cf_nat     		 0
prh_nat    		 0
rer_nat    		 0
rnom_nat   		 0
pic_nat    		 0
lab_nat    		 0
rw_nat     		 0
y_nat      		 0
mchr_nat   		 0
dep_nat    		 0
bstar_nat  		 0
chstar_nat 		 0
tb_nat     		 0

EIGENVALUES:
         Modulus             Real        Imaginary

               0               -0                0
       2.942e-16        2.942e-16                0
          0.6838           0.6838                0
             0.7              0.7                0
             0.8              0.8                0
            0.85             0.85                0
            0.85             0.85                0
             0.9              0.9                0
             0.9              0.9                0
            0.95             0.95                0
          0.9949           0.9949                0
          0.9949           0.9949                0
            1.01             1.01                0
            1.01             1.01                0
            1.47             1.47                0
       3.576e+15        3.576e+15                0
       8.217e+16       -8.217e+16                0
       1.106e+17       -1.106e+17                0
       3.591e+17       -3.591e+17                0
       4.338e+18        4.338e+18                0


There are 8 eigenvalue(s) larger than 1 in modulus 
for 8 forward-looking variable(s)

The rank condition is verified.


MODEL SUMMARY

  Number of variables:         40
  Number of stochastic shocks: 8
  Number of state variables:   12
  Number of jumpers:           8
  Number of static variables:  23


MATRIX OF COVARIANCE OF EXOGENOUS SHOCKS
Variables         e_a       e_g       e_z   e_cstar   e_istar  e_pistar  e_varphi  e_gammaH
e_a          0.490000  0.000000  0.000000  0.000000  0.000000  0.000000  0.000000  0.000000
e_g          0.000000  0.250000  0.000000  0.000000  0.000000  0.000000  0.000000  0.000000
e_z          0.000000  0.000000  0.000000  0.000000  0.000000  0.000000  0.000000  0.000000
e_cstar      0.000000  0.000000  0.000000  1.000000  0.000000  0.000000  0.000000  0.000000
e_istar      0.000000  0.000000  0.000000  0.000000  0.062500  0.000000  0.000000  0.000000
e_pistar     0.000000  0.000000  0.000000  0.000000  0.000000  0.062500  0.000000  0.000000
e_varphi     0.000000  0.000000  0.000000  0.000000  0.000000  0.000000  0.000000  0.000000
e_gammaH     0.000000  0.000000  0.000000  0.000000  0.000000  0.000000  0.000000  0.000000

POLICY AND TRANSITION FUNCTIONS
                                   c              ch              cf             prh             rer            rnom             pic             pih             lab              rw               y            mchr               a               g               z           cstar          varphi          gammaH             dep           bstar          chstar           istar          pistar              tb           y_gap           c_nat          ch_nat          cf_nat         prh_nat         rer_nat        rnom_nat         pic_nat         lab_nat          rw_nat           y_nat        mchr_nat         dep_nat       bstar_nat      chstar_nat          tb_nat
a(-1)                      -0.081776       -0.025599       -0.212856       -0.112354        0.262160       -0.000008       -0.262160       -0.374515       -0.861742       -0.943518        0.038258       -1.843518        0.900000               0               0               0               0               0               0       -0.007680        0.187257               0               0        0.007680       -0.742348        0.572523        0.795958        0.051173       -0.446871        1.042699       -0.103146        0.446871       -0.119394        0.453129        0.780606       -0.446871        1.489570        0.238787        0.744785       -0.238787
g(-1)                       0.609879        0.588009        0.660909        0.043740       -0.102061        0.000176        0.102061        0.145801        0.389736        0.999615        0.389736        0.999615               0        0.800000               0               0               0               0               0        0.176403       -0.072901               0               0       -0.176403        0.409369        0.242146        0.130890        0.501744        0.222512       -0.519196        0.155875       -0.222512       -0.019633        0.222512       -0.019633        0.222512       -0.741708        0.039267       -0.370854       -0.039267
z(-1)                              0               0               0               0               0               0               0               0               0               0               0               0               0               0        0.700000               0               0               0               0               0               0               0               0               0               0               0               0               0               0               0               0               0               0               0               0               0               0               0               0               0
cstar(-1)                   0.222931        0.203178        0.269021        0.039506       -0.092180       -0.000194        0.092180        0.131686        0.377472        0.600403        0.377472        0.600403               0               0               0        0.850000               0               0               0       -0.194047        0.784157               0               0        0.194047        0.240606        0.011990       -0.062438        0.185656        0.148856       -0.347331        0.021913       -0.148856        0.136866        0.148856        0.136866        0.148856       -0.496186       -0.273731        0.601907        0.273731
varphi(-1)                 -4.166348       -4.001591       -4.550781       -0.329514        0.768866        0.848800       -0.768866       -1.098381       -2.636356       -6.802704       -2.636356       -6.802704               0               0               0               0        0.850000               0               0       -1.200477        0.549190               0               0        1.200477       -2.773222       -1.688010       -0.912438       -3.497678       -1.551144        3.619336        0.021913        1.551144        0.136866       -1.551144        0.136866       -1.551144        5.170480       -0.273731        2.585240        0.273731
bstar(-1)                  -0.139888       -0.131770       -0.158831       -0.016237        0.037886        0.000965       -0.037886       -0.054123       -0.084121       -0.224009       -0.084121       -0.224009               0               0               0               0               0               0               0        0.965494        0.027061               0               0        0.039531       -0.084121               0               0               0               0               0               0               0               0               0               0               0               0               0               0               0
istar(-1)                 -11.744801      -11.160214      -13.108838       -1.169175        2.728075        0.946652       -2.728075       -3.897249       -7.227562      -18.972363       -7.227562      -18.972363               0               0               0               0               0               0               0       -3.348064        1.948625        0.950000               0        3.348064       -7.634817       -5.022809       -2.715032      -10.407622       -4.615554       10.769627        0.024478        4.615554        0.407255       -4.615554        0.407255       -4.615554       15.385181       -0.814510        7.692591        0.814510
bstar_nat(-1)                      0               0               0               0               0               0               0               0               0               0               0               0               0               0               0               0               0               0               0               0               0               0               0               0       -0.005052       -0.062307       -0.033679       -0.129104       -0.057255        0.133595        0.000026        0.057255        0.005052       -0.057255        0.005052       -0.057255        0.190850        0.994921        0.095425        0.010104
rer(-1)                     0.576761        0.729587        0.220165       -0.305653        0.713191        0.000219        0.286809        0.409728        0.663538        1.240298        0.663538        1.240298               0               0               0               0               0               0               0        0.218876        0.509422               0               0       -0.218876        0.663538               0               0               0               0               0               0               0               0               0               0               0               0               0               0               0
pistar(-1)                  5.583261        5.369662        6.081658        0.427197       -0.996794        0.001611        1.896794        2.323991        3.545165        9.128426        3.545165        9.128426               0               0               0               0               0               0               0        1.610899       -0.711995               0        0.900000       -1.610899        3.734790        2.338713        1.264169        4.845981        2.149087       -5.014537       -0.020878       -2.149087       -0.189625        2.149087       -0.189625        2.149087       -8.063624        0.379251       -3.581812       -0.379251
rer_nat(-1)                        0               0               0               0               0               0               0               0               0               0               0               0               0               0               0               0               0               0               0               0               0               0               0               0               0               0               0               0               0               0               0       -0.428571               0               0               0               0       -1.428571               0               0               0
e_a                        -0.090862       -0.028443       -0.236507       -0.124838        0.291289       -0.000009       -0.291289       -0.416127       -0.957491       -1.048353        0.042509       -2.048353        1.000000               0               0               0               0               0               0       -0.008533        0.208064               0               0        0.008533       -0.824831        0.636136        0.884398        0.056859       -0.496523        1.158554       -0.114606        0.496523       -0.132660        0.503477        0.867340       -0.496523        1.655078        0.265319        0.827539       -0.265319
e_g                         0.762349        0.735011        0.826136        0.054675       -0.127576        0.000221        0.127576        0.182251        0.487170        1.249518        0.487170        1.249518               0        1.000000               0               0               0               0               0        0.220503       -0.091126               0               0       -0.220503        0.511712        0.302682        0.163612        0.627180        0.278140       -0.648994        0.194844       -0.278140       -0.024542        0.278140       -0.024542        0.278140       -0.927135        0.049084       -0.463567       -0.049084
e_z                                0               0               0               0               0               0               0               0               0               0               0               0               0               0        1.000000               0               0               0               0               0               0               0               0               0               0               0               0               0               0               0               0               0               0               0               0               0               0               0               0               0
e_cstar                     0.262272        0.239033        0.316495        0.046477       -0.108447       -0.000228        0.108447        0.154924        0.444085        0.706356        0.444085        0.706356               0               0               0        1.000000               0               0               0       -0.228290        0.922538               0               0        0.228290        0.283066        0.014106       -0.073456        0.218418        0.175125       -0.408624        0.025780       -0.175125        0.161018        0.175125        0.161018        0.175125       -0.583749       -0.322037        0.708126        0.322037
e_istar                   -12.362949      -11.747593      -13.798777       -1.230710        2.871657        0.996476       -2.871657       -4.102368       -7.607960      -19.970909       -7.607960      -19.970909               0               0               0               0               0               0               0       -3.524278        2.051184        1.000000               0        3.524278       -8.036649       -5.287167       -2.857928      -10.955392       -4.858478       11.336449        0.025766        4.858478        0.428689       -4.858478        0.428689       -4.858478       16.194927       -0.857379        8.097464        0.857379
e_pistar                    6.203623        5.966291        6.757397        0.474664       -1.107548        0.001790        2.107548        2.582212        3.939072       10.142695        3.939072       10.142695               0               0               0               0               0               0               0        1.789887       -0.791106               0        1.000000       -1.789887        4.149767        2.598570        1.404632        5.384423        2.387875       -5.571708       -0.023198       -2.387875       -0.210695        2.387875       -0.210695        2.387875       -8.959582        0.421390       -3.979791       -0.421390
e_varphi                   -4.901585       -4.707754       -5.353860       -0.387664        0.904549        0.998588       -0.904549       -1.292212       -3.101596       -8.003181       -3.101596       -8.003181               0               0               0               0        1.000000               0               0       -1.412326        0.646106               0               0        1.412326       -3.262614       -1.985894       -1.073456       -4.114915       -1.824875        4.258043        0.025780        1.824875        0.161018       -1.824875        0.161018       -1.824875        6.082918       -0.322037        3.041459        0.322037
e_gammaH                   -0.403732       -0.510711       -0.154116        0.213957       -0.499233       -0.000153        0.499233        0.713191       -0.464476       -0.868209       -0.464476       -0.868209               0               0               0               0               0        1.000000               0       -0.153213       -0.356595               0               0        0.153213       -0.464476               0               0               0               0               0               0               0               0               0               0               0               0               0               0               0


THEORETICAL MOMENTS
VARIABLE           MEAN  STD. DEV.   VARIANCE
c                0.0000     6.8702    47.1990
ch               0.0000     5.4370    29.5610
cf               0.0000    10.9836   120.6402
prh              0.0000     4.0748    16.6042
rer              0.0000     9.5079    90.4005
rnom             0.0000     0.7806     0.6093
pic              0.0000     1.2676     1.6069
pih              0.0000     1.6890     2.8528
lab              0.0000     3.0942     9.5743
rw               0.0000     9.2304    85.1997
y                0.0000     3.0965     9.5886
mchr             0.0000     9.4428    89.1671
a                0.0000     1.6059     2.5789
g                0.0000     0.8333     0.6944
z                0.0000     0.0000     0.0000
cstar            0.0000     1.8983     3.6036
varphi           0.0000     0.0000     0.0000
gammaH           0.0000     0.0000     0.0000
dep              0.0000     0.0000     0.0000
bstar            0.0000    65.5168  4292.4493
chstar           0.0000     6.8987    47.5916
istar            0.0000     0.8006     0.6410
pistar           0.0000     0.5735     0.3289
tb               0.0000     1.6949     2.8728
y_gap            0.0000     3.2005    10.2433
c_nat            0.0000     4.8906    23.9181
ch_nat           0.0000     2.9104     8.4706
cf_nat           0.0000    10.0309   100.6184
prh_nat          0.0000     4.5726    20.9089
rer_nat          0.0000    10.6695   113.8373
rnom_nat         0.0000     0.2514     0.0632
pic_nat          0.0000     1.4436     2.0841
lab_nat          0.0000     0.5233     0.2739
rw_nat           0.0000     4.5003    20.2525
y_nat            0.0000     1.4927     2.2281
mchr_nat         0.0000     4.5726    20.9089
dep_nat          0.0000     4.8953    23.9637
bstar_nat        0.0000    50.2203  2522.0812
chstar_nat       0.0000     7.6394    58.3603
tb_nat           0.0000     1.0467     1.0956



VARIANCE DECOMPOSITION (in percent)
                   e_a       e_g       e_z   e_cstar   e_istar  e_pistar  e_varphi  e_gammaH
c                 1.78      0.60      0.00      3.14     79.09     15.41      0.00      0.00
ch                2.92      0.78      0.00      1.58     77.02     17.71      0.00      0.00
cf                2.41      0.38      0.00      5.19     79.61     12.41      0.00      0.00
prh               6.57      0.18      0.00      7.49     76.65      9.11      0.00      0.00
rer               6.57      0.18      0.00      7.49     76.65      9.11      0.00      0.00
rnom              0.03      0.00      0.00      0.06     99.84      0.07      0.00      0.00
pic               4.20      0.39      0.00      1.23     57.02     37.17      0.00      0.00
pih               4.82      0.44      0.00      1.42     65.54     27.77      0.00      0.00
lab               9.28      0.93      0.00      4.61     66.58     18.61      0.00      0.00
rw                1.53      0.78      0.00      2.71     77.23     17.75      0.00      0.00
y                 9.42      0.93      0.00      4.60     66.48     18.58      0.00      0.00
mchr              5.91      0.74      0.00      2.59     73.80     16.96      0.00      0.00
a               100.00      0.00      0.00      0.00      0.00      0.00      0.00      0.00
g                 0.00    100.00      0.00      0.00      0.00      0.00      0.00      0.00
z                 0.00      0.00    100.00      0.00      0.00      0.00      0.00      0.00
cstar             0.00      0.00      0.00    100.00      0.00      0.00      0.00      0.00
varphi            0.00      0.00      0.00      0.00      0.00      0.00    100.00      0.00
gammaH            0.00      0.00      0.00      0.00      0.00      0.00      0.00    100.00
dep               6.78      0.60      0.00      2.52     62.18     27.93      0.00      0.00
bstar             4.03      0.18      0.00      7.88     77.70     10.20      0.00      0.00
chstar            6.37      0.18      0.00     10.34     74.28      8.83      0.00      0.00
istar             0.00      0.00      0.00      0.00    100.00      0.00      0.00      0.00
pistar            0.00      0.00      0.00      0.00      0.00    100.00      0.00      0.00
tb                2.70      0.72      0.00      8.85     71.33     16.40      0.00      0.00
y_gap             5.78      0.97      0.00      1.41     71.89     19.95      0.00      0.00
c_nat             7.68      0.27      0.00      7.21     75.47      9.37      0.00      0.00
ch_nat           24.02      0.22      0.00      5.76     62.26      7.73      0.00      0.00
cf_nat            5.30      0.27      0.00      7.84     77.02      9.56      0.00      0.00
prh_nat           9.73      0.26      0.00      8.06     72.90      9.05      0.00      0.00
rer_nat           9.73      0.26      0.00      8.06     72.90      9.05      0.00      0.00
rnom_nat         53.56     41.73      0.00      3.78      0.66      0.28      0.00      0.00
pic_nat           5.95      1.04      0.00      1.49     73.34     18.18      0.00      0.00
lab_nat          16.72      0.15      0.00     34.43     43.33      5.38      0.00      0.00
rw_nat            6.81      0.27      0.00      8.32     75.26      9.34      0.00      0.00
y_nat            89.76      0.02      0.00      4.23      5.33      0.66      0.00      0.00
mchr_nat          9.73      0.26      0.00      8.06     72.90      9.05      0.00      0.00
dep_nat           5.75      1.01      0.00      1.44     70.87     20.94      0.00      0.00
bstar_nat        12.88      0.06      0.00     17.49     65.43      4.14      0.00      0.00
chstar_nat        9.69      0.26      0.00      8.50     72.55      9.01      0.00      0.00
tb_nat           16.72      0.15      0.00     34.43     43.33      5.38      0.00      0.00



MATRIX OF CORRELATIONS
Variables              c          ch          cf         prh         rer        rnom         pic         pih         lab          rw           y        mchr           a           g       cstar       bstar      chstar       istar      pistar          tb       y_gap       c_nat      ch_nat      cf_nat     prh_nat     rer_nat    rnom_nat     pic_nat     lab_nat      rw_nat       y_nat    mchr_nat     dep_nat   bstar_nat  chstar_nat      tb_nat
c                 1.0000      0.9719      0.9624      0.7783     -0.7783     -0.6820      0.6194      0.6180      0.6686      0.9684      0.6958      0.9376      0.0533      0.0683      0.0723     -0.3364     -0.7463     -0.6374      0.3168     -0.9110      0.7560      0.9231      0.8505      0.9244      0.8919     -0.8919     -0.0520     -0.3701     -0.6702      0.9252     -0.1776      0.8919     -0.4010     -0.3941     -0.8718     -0.6702
ch                0.9719      1.0000      0.8714      0.6088     -0.6088     -0.6566      0.7436      0.7459      0.7744      0.9830      0.8396      0.9393      0.1270      0.0784      0.0603     -0.2061     -0.5827     -0.6233      0.3530     -0.9421      0.8529      0.8465      0.8036      0.8317      0.7878     -0.7878     -0.1018     -0.4767     -0.6375      0.8458     -0.0869      0.7878     -0.5100     -0.2515     -0.7710     -0.6375
cf                0.9624      0.8714      1.0000      0.9197     -0.9197     -0.6636      0.4326      0.4271      0.4996      0.8838      0.4808      0.8699     -0.0355      0.0519      0.0810     -0.4633     -0.8831     -0.6090      0.2527     -0.8114      0.5911      0.9469      0.8452      0.9666      0.9495     -0.9495      0.0092     -0.2211     -0.6609      0.9521     -0.2699      0.9495     -0.2469     -0.5313     -0.9271     -0.6609
prh               0.7783      0.6088      0.9197      1.0000     -1.0000     -0.5475      0.1044      0.0936      0.1881      0.6424      0.1055      0.6550     -0.1591      0.0212      0.0828     -0.5842     -0.9617     -0.4860      0.1262     -0.5580      0.2732      0.8536      0.7235      0.8975      0.9049     -0.9049      0.0963      0.0241     -0.5585      0.8627     -0.3670      0.9049      0.0089     -0.6578     -0.8822     -0.5585
rer              -0.7783     -0.6088     -0.9197     -1.0000      1.0000      0.5475     -0.1044     -0.0936     -0.1881     -0.6424     -0.1055     -0.6550      0.1591     -0.0212     -0.0828      0.5842      0.9617      0.4860     -0.1262      0.5580     -0.2732     -0.8536     -0.7235     -0.8975     -0.9049      0.9049     -0.0963     -0.0241      0.5585     -0.8627      0.3670     -0.9049     -0.0089      0.6578      0.8822      0.5585
rnom             -0.6820     -0.6566     -0.6636     -0.5475      0.5475      1.0000     -0.1895     -0.2043     -0.4493     -0.6582     -0.4475     -0.6439      0.0028      0.0008     -0.0041     -0.2680      0.5379      0.9969      0.0077      0.6305     -0.5276     -0.7563     -0.6859     -0.7647     -0.7446      0.7446      0.0783      0.1176      0.5699     -0.7556      0.2028     -0.7446      0.1147     -0.1747      0.7418      0.5699
pic               0.6194      0.7436      0.4326      0.1044     -0.1044     -0.1895      1.0000      0.9926      0.9249      0.7711      0.8623      0.7740     -0.1193      0.0318      0.0931     -0.0309     -0.0771     -0.1823      0.5471     -0.6843      0.9212      0.3295      0.2588      0.3603      0.3754     -0.3754      0.0819     -0.6557     -0.1652      0.3389     -0.1863      0.3754     -0.7087     -0.0402     -0.3514     -0.1652
pih               0.6180      0.7459      0.4271      0.0936     -0.0936     -0.2043      0.9926      1.0000      0.9406      0.7753      0.8735      0.7796     -0.1279      0.0341      0.0999     -0.0465     -0.0646     -0.1954      0.4410     -0.6842      0.9333      0.3128      0.2407      0.3454      0.3627     -0.3627      0.0955     -0.6905     -0.1464      0.3229     -0.1890      0.3627     -0.7304     -0.0498     -0.3370     -0.1464
lab               0.6686      0.7744      0.4996      0.1881     -0.1881     -0.4493      0.9249      0.9406      1.0000      0.8329      0.8654      0.8580     -0.2581      0.0824      0.2037      0.1048     -0.1292     -0.4466      0.3511     -0.6768      0.9867      0.4039      0.2791      0.4674      0.5086     -0.5086      0.2270     -0.6485     -0.1220      0.4247     -0.3204      0.5086     -0.6786      0.0672     -0.4568     -0.1220
rw                0.9684      0.9830      0.8838      0.6424     -0.6424     -0.6582      0.7711      0.7753      0.8329      1.0000      0.8080      0.9855     -0.0468      0.0785      0.1221     -0.2152     -0.5988     -0.6241      0.3534     -0.9050      0.8935      0.8224      0.7266      0.8447      0.8343     -0.8343      0.0374     -0.4929     -0.5397      0.8310     -0.2396      0.8343     -0.5259     -0.2708     -0.8020     -0.5397
y                 0.6958      0.8396      0.4808      0.1055     -0.1055     -0.4475      0.8623      0.8735      0.8654      0.8080      1.0000      0.7454      0.2607      0.0824      0.2035      0.1219     -0.0478     -0.4463      0.3508     -0.7396      0.8881      0.4877      0.5100      0.4473      0.3940     -0.3940     -0.1528     -0.6118     -0.3147      0.4934      0.1702      0.3940     -0.6425      0.1092     -0.3425     -0.3147
mchr              0.9376      0.9393      0.8699      0.6550     -0.6550     -0.6439      0.7740      0.7796      0.8580      0.9855      0.7454      1.0000     -0.2158      0.0767      0.1193     -0.2160     -0.6120     -0.6101      0.3455     -0.8638      0.9055      0.7764      0.6345      0.8322      0.8530     -0.8530      0.1610     -0.4937     -0.4644      0.7897     -0.3950      0.8530     -0.5258     -0.2785     -0.8213     -0.4644
a                 0.0533      0.1270     -0.0355     -0.1591      0.1591      0.0028     -0.1193     -0.1279     -0.2581     -0.0468      0.2607     -0.2158      1.0000      0.0000      0.0000      0.0331      0.1566      0.0000      0.0000     -0.1222     -0.1887      0.1622      0.4456     -0.0381     -0.2203      0.2203     -0.7318      0.0698     -0.3717      0.1330      0.9455     -0.2203      0.0686      0.0811      0.2198     -0.3717
g                 0.0683      0.0784      0.0519      0.0212     -0.0212      0.0008      0.0318      0.0341      0.0824      0.0785      0.0824      0.0767      0.0000      1.0000      0.0000      0.0100     -0.0209      0.0000      0.0000     -0.0754      0.0858      0.0495      0.0450      0.0500      0.0487     -0.0487      0.6460     -0.0308     -0.0375      0.0495     -0.0132      0.0487     -0.0303      0.0040     -0.0486     -0.0375
cstar             0.0723      0.0603      0.0810      0.0828     -0.0828     -0.0041      0.0931      0.0999      0.2037      0.1221      0.2035      0.1193      0.0000      0.0000      1.0000     -0.0494      0.1937      0.0000      0.0000      0.2780      0.1067      0.0484     -0.0089      0.0847      0.1149     -0.1149      0.1944     -0.0546      0.5515      0.1167      0.1934      0.1149     -0.0536     -0.0789      0.1339      0.5515
bstar            -0.3364     -0.2061     -0.4633     -0.5842      0.5842     -0.2680     -0.0309     -0.0465      0.1048     -0.2152      0.1219     -0.2160      0.0331      0.0100     -0.0494      1.0000      0.5615     -0.3431      0.0920      0.1818      0.0722     -0.2847     -0.2461     -0.2961     -0.2957      0.2957     -0.0555      0.0429      0.1784     -0.2886      0.0982     -0.2957      0.0314      0.9653      0.2827      0.1784
chstar           -0.7463     -0.5827     -0.8831     -0.9617      0.9617      0.5379     -0.0771     -0.0646     -0.1292     -0.5988     -0.0478     -0.6120      0.1566     -0.0209      0.1937      0.5615      1.0000      0.4784     -0.1242      0.6258     -0.2396     -0.8270     -0.7147     -0.8602     -0.8593      0.8593     -0.0413     -0.0387      0.7016     -0.8172      0.4145     -0.8593     -0.0235      0.6259      0.9053      0.7016
istar            -0.6374     -0.6233     -0.6090     -0.4860      0.4860      0.9969     -0.1823     -0.1954     -0.4466     -0.6241     -0.4463     -0.6101      0.0000      0.0000      0.0000     -0.3431      0.4784      1.0000      0.0000      0.5998     -0.5203     -0.7140     -0.6486     -0.7213     -0.7018      0.7018      0.0809      0.1111      0.5410     -0.7130      0.1897     -0.7018      0.1093     -0.2493      0.7001      0.5410
pistar            0.3168      0.3530      0.2527      0.1262     -0.1262      0.0077      0.5471      0.4410      0.3511      0.3534      0.3508      0.3455      0.0000      0.0000      0.0000      0.0920     -0.1242      0.0000      1.0000     -0.3397      0.3739      0.2782      0.2527      0.2811      0.2735     -0.2735     -0.0527     -0.0866     -0.2108      0.2779     -0.0739      0.2735     -0.2023      0.0460     -0.2728     -0.2108
tb               -0.9110     -0.9421     -0.8114     -0.5580      0.5580      0.6305     -0.6843     -0.6842     -0.6768     -0.9050     -0.7396     -0.8638     -0.1222     -0.0754      0.2780      0.1818      0.6258      0.5998     -0.3397      1.0000     -0.7849     -0.7984     -0.7763     -0.7719     -0.7196      0.7196      0.1633      0.4404      0.7988     -0.7747      0.1486     -0.7196      0.4727      0.2155      0.7869      0.7988
y_gap             0.7560      0.8529      0.5911      0.2732     -0.2732     -0.5276      0.9212      0.9333      0.9867      0.8935      0.8881      0.9055     -0.1887      0.0858      0.1067      0.0722     -0.2396     -0.5203      0.3739     -0.7849      1.0000      0.5163      0.4070      0.5635      0.5863     -0.5863      0.1520     -0.6350     -0.2815      0.5284     -0.3017      0.5863     -0.6680      0.0271     -0.5584     -0.2815
c_nat             0.9231      0.8465      0.9469      0.8536     -0.8536     -0.7563      0.3295      0.3128      0.4039      0.8224      0.4877      0.7764      0.1622      0.0495      0.0484     -0.2847     -0.8270     -0.7140      0.2782     -0.7984      0.5163      1.0000      0.9541      0.9792      0.9245     -0.9245     -0.1527     -0.1299     -0.7696      0.9972     -0.0954      0.9245     -0.1603     -0.3931     -0.9103     -0.7696
ch_nat            0.8505      0.8036      0.8452      0.7235     -0.7235     -0.6859      0.2588      0.2407      0.2791      0.7266      0.5100      0.6345      0.4456      0.0450     -0.0089     -0.2461     -0.7147     -0.6486      0.2527     -0.7763      0.4070      0.9541      1.0000      0.8736      0.7680     -0.7680     -0.3673     -0.0943     -0.8390      0.9393      0.1852      0.7680     -0.1223     -0.3287     -0.7683     -0.8390
cf_nat            0.9244      0.8317      0.9666      0.8975     -0.8975     -0.7647      0.3603      0.3454      0.4674      0.8447      0.4473      0.8322     -0.0381      0.0500      0.0847     -0.2961     -0.8602     -0.7213      0.2811     -0.7719      0.5635      0.9792      0.8736      1.0000      0.9826     -0.9826      0.0004     -0.1473     -0.6827      0.9848     -0.2803      0.9826     -0.1777     -0.4164     -0.9592     -0.6827
prh_nat           0.8919      0.7878      0.9495      0.9049     -0.9049     -0.7446      0.3754      0.3627      0.5086      0.8343      0.3940      0.8530     -0.2203      0.0487      0.1149     -0.2957     -0.8593     -0.7018      0.2735     -0.7196      0.5863      0.9245      0.7680      0.9826      1.0000     -1.0000      0.1408     -0.1579     -0.5781      0.9375     -0.4397      1.0000     -0.1872     -0.4225     -0.9691     -0.5781
rer_nat          -0.8919     -0.7878     -0.9495     -0.9049      0.9049      0.7446     -0.3754     -0.3627     -0.5086     -0.8343     -0.3940     -0.8530      0.2203     -0.0487     -0.1149      0.2957      0.8593      0.7018     -0.2735      0.7196     -0.5863     -0.9245     -0.7680     -0.9826     -1.0000      1.0000     -0.1408      0.1579      0.5781     -0.9375      0.4397     -1.0000      0.1872      0.4225      0.9691      0.5781
rnom_nat         -0.0520     -0.1018      0.0092      0.0963     -0.0963      0.0783      0.0819      0.0955      0.2270      0.0374     -0.1528      0.1610     -0.7318      0.6460      0.1944     -0.0555     -0.0413      0.0809     -0.0527      0.1633      0.1520     -0.1527     -0.3673      0.0004      0.1408     -0.1408      1.0000     -0.0678      0.4121     -0.1181     -0.6429      0.1408     -0.0604     -0.0900     -0.0922      0.4121
pic_nat          -0.3701     -0.4767     -0.2211      0.0241     -0.0241      0.1176     -0.6557     -0.6905     -0.6485     -0.4929     -0.6118     -0.4937      0.0698     -0.0308     -0.0546      0.0429     -0.0387      0.1111     -0.0866      0.4404     -0.6350     -0.1299     -0.0943     -0.1473     -0.1579      0.1579     -0.0678      1.0000      0.0490     -0.1355      0.0922     -0.1579      0.9932      0.0304      0.1439      0.0490
lab_nat          -0.6702     -0.6375     -0.6609     -0.5585      0.5585      0.5699     -0.1652     -0.1464     -0.1220     -0.5397     -0.3147     -0.4644     -0.3717     -0.0375      0.5515      0.1784      0.7016      0.5410     -0.2108      0.7988     -0.2815     -0.7696     -0.8390     -0.6827     -0.5781      0.5781      0.4121      0.0490      1.0000     -0.7200     -0.0493     -0.5781      0.0728      0.2313      0.7138      1.0000
rw_nat            0.9252      0.8458      0.9521      0.8627     -0.8627     -0.7556      0.3389      0.3229      0.4247      0.8310      0.4934      0.7897      0.1330      0.0495      0.1167     -0.2886     -0.8172     -0.7130      0.2779     -0.7747      0.5284      0.9972      0.9393      0.9848      0.9375     -0.9375     -0.1181     -0.1355     -0.7200      1.0000     -0.1094      0.9375     -0.1657     -0.4003     -0.9062     -0.7200
y_nat            -0.1776     -0.0869     -0.2699     -0.3670      0.3670      0.2028     -0.1863     -0.1890     -0.3204     -0.2396      0.1702     -0.3950      0.9455     -0.0132      0.1934      0.0982      0.4145      0.1897     -0.0739      0.1486     -0.3017     -0.0954      0.1852     -0.2803     -0.4397      0.4397     -0.6429      0.0922     -0.0493     -0.1094      1.0000     -0.4397      0.0993      0.1684      0.4867     -0.0493
mchr_nat          0.8919      0.7878      0.9495      0.9049     -0.9049     -0.7446      0.3754      0.3627      0.5086      0.8343      0.3940      0.8530     -0.2203      0.0487      0.1149     -0.2957     -0.8593     -0.7018      0.2735     -0.7196      0.5863      0.9245      0.7680      0.9826      1.0000     -1.0000      0.1408     -0.1579     -0.5781      0.9375     -0.4397      1.0000     -0.1872     -0.4225     -0.9691     -0.5781
dep_nat          -0.4010     -0.5100     -0.2469      0.0089     -0.0089      0.1147     -0.7087     -0.7304     -0.6786     -0.5259     -0.6425     -0.5258      0.0686     -0.0303     -0.0536      0.0314     -0.0235      0.1093     -0.2023      0.4727     -0.6680     -0.1603     -0.1223     -0.1777     -0.1872      0.1872     -0.0604      0.9932      0.0728     -0.1657      0.0993     -0.1872      1.0000      0.0245      0.1734      0.0728
bstar_nat        -0.3941     -0.2515     -0.5313     -0.6578      0.6578     -0.1747     -0.0402     -0.0498      0.0672     -0.2708      0.1092     -0.2785      0.0811      0.0040     -0.0789      0.9653      0.6259     -0.2493      0.0460      0.2155      0.0271     -0.3931     -0.3287     -0.4164     -0.4225      0.4225     -0.0900      0.0304      0.2313     -0.4003      0.1684     -0.4225      0.0245      1.0000      0.4019      0.2313
chstar_nat       -0.8718     -0.7710     -0.9271     -0.8822      0.8822      0.7418     -0.3514     -0.3370     -0.4568     -0.8020     -0.3425     -0.8213      0.2198     -0.0486      0.1339      0.2827      0.9053      0.7001     -0.2728      0.7869     -0.5584     -0.9103     -0.7683     -0.9592     -0.9691      0.9691     -0.0922      0.1439      0.7138     -0.9062      0.4867     -0.9691      0.1734      0.4019      1.0000      0.7138
tb_nat           -0.6702     -0.6375     -0.6609     -0.5585      0.5585      0.5699     -0.1652     -0.1464     -0.1220     -0.5397     -0.3147     -0.4644     -0.3717     -0.0375      0.5515      0.1784      0.7016      0.5410     -0.2108      0.7988     -0.2815     -0.7696     -0.8390     -0.6827     -0.5781      0.5781      0.4121      0.0490      1.0000     -0.7200     -0.0493     -0.5781      0.0728      0.2313      0.7138      1.0000



COEFFICIENTS OF AUTOCORRELATION
Order              1       2       3       4       5
c             0.8560  0.7495  0.6691  0.6069  0.5577
ch            0.7853  0.6326  0.5228  0.4426  0.3829
cf            0.9333  0.8779  0.8306  0.7895  0.7531
prh           0.9937  0.9794  0.9601  0.9380  0.9144
rer           0.9937  0.9794  0.9601  0.9380  0.9144
rnom          0.9477  0.8982  0.8512  0.8067  0.7645
pic           0.6741  0.4512  0.2988  0.1947  0.1236
pih           0.6537  0.4187  0.2598  0.1527  0.0809
lab           0.6669  0.4402  0.2862  0.1819  0.1115
rw            0.7790  0.6229  0.5115  0.4309  0.3717
y             0.6934  0.4823  0.3367  0.2362  0.1665
mchr          0.7796  0.6238  0.5126  0.4321  0.3729
a             0.9000  0.8100  0.7290  0.6561  0.5905
g             0.8000  0.6400  0.5120  0.4096  0.3277
cstar         0.8500  0.7225  0.6141  0.5220  0.4437
bstar         0.9997  0.9989  0.9976  0.9961  0.9942
chstar        0.9839  0.9620  0.9369  0.9104  0.8833
istar         0.9500  0.9025  0.8574  0.8145  0.7738
pistar        0.9000  0.8100  0.7290  0.6561  0.5905
tb            0.7925  0.6424  0.5323  0.4503  0.3881
y_gap         0.6736  0.4513  0.3000  0.1973  0.1277
c_nat         0.9477  0.8988  0.8529  0.8099  0.7695
ch_nat        0.9361  0.8771  0.8225  0.7720  0.7252
cf_nat        0.9510  0.9049  0.8616  0.8209  0.7825
prh_nat       0.9502  0.9035  0.8597  0.8186  0.7801
rer_nat       0.9502  0.9035  0.8597  0.8186  0.7801
rnom_nat      0.8566  0.7362  0.6347  0.5489  0.4761
pic_nat      -0.0316 -0.0293 -0.0271 -0.0251 -0.0234
lab_nat       0.9042  0.8194  0.7444  0.6777  0.6184
rw_nat        0.9483  0.8998  0.8545  0.8119  0.7720
y_nat         0.9033  0.8165  0.7385  0.6684  0.6053
mchr_nat      0.9502  0.9035  0.8597  0.8186  0.7801
dep_nat      -0.0212 -0.0199 -0.0186 -0.0175 -0.0164
bstar_nat     0.9998  0.9992  0.9983  0.9971  0.9957
chstar_nat    0.9463  0.8963  0.8498  0.8064  0.7660
tb_nat        0.9042  0.8194  0.7444  0.6777  0.6184
Total computing time : 0h00m00s
